<?xml version="1.0" encoding="UTF-8"?><TestSessionContainer xmlns="http://www.codecover.org/xml/testsession-container" Date="1689068918372" TestSessionContainerId="0c86362b-5257-49be-bb91-fa395ba3ed3e" version="1.0">
    <SrcFileList/>
    <CritList>
        <CritListEntry Name="org.codecover.model.utils.criteria.ConditionCoverage" PluginName="org.codecover"/>
        <CritListEntry Name="org.codecover.model.utils.criteria.BranchCoverage" PluginName="org.codecover"/>
        <CritListEntry Name="org.codecover.model.utils.criteria.StatementCoverage" PluginName="org.codecover"/>
    </CritList>
    <BoolOpList/>
    <HierarchyLvlTypeList>
        <HierarchyLvlType EnglishName="default package" IntrnlName="default package" Intrnl_Id="1"/>
    </HierarchyLvlTypeList>
    <MASTRoot>
        <HierarchyLvl HierarchyLvlId="235" HierarchyLvlTypeId="1" Intrnl_Id="2" Name="default package">
            <Header/>
            <LocList/>
        </HierarchyLvl>
    </MASTRoot>
</TestSessionContainer>
