<?xml version="1.0" encoding="UTF-8"?><TestSessionContainer xmlns="http://www.codecover.org/xml/testsession-container" Date="1688993734496" TestSessionContainerId="bd4048e4-73eb-43ef-93fd-49646f3aff7d" version="1.0">
    <SrcFileList>
        <SrcFile Content="package reparti;&#13;&#10;&#13;&#10;import fabbrica.InvalidInputException;&#13;&#10;&#13;&#10;enum Fasi {ATTESA_POSIZIONAMENTO, RIFINITURA, COLORAZIONE, PREPARAZIONE_LUCIDATURA, LUCIDATURA, ATTESA_PRELIEVO}&#13;&#10;&#13;&#10;public class Produzione {&#13;&#10;&#9;Fasi[] fase_linea;&#13;&#10;&#9;int[] fase_lucidatura;&#13;&#10;&#9;int n_linee;&#13;&#10;&#9;&#13;&#10;&#9;public Produzione(int n) throws InvalidInputException {&#13;&#10;&#9;&#9;if(n &lt;= 0) throw new InvalidInputException();&#13;&#10;&#9;&#9;n_linee = 3;&#13;&#10;&#9;&#9;fase_linea = new Fasi[n_linee];&#13;&#10;&#9;&#9;for (int i = 0; i &lt; fase_linea.length; i++)&#13;&#10;&#9;&#9;&#9;fase_linea[i] = Fasi.ATTESA_POSIZIONAMENTO;&#13;&#10;&#9;&#9;fase_lucidatura = new int[n_linee];&#13;&#10;&#9;}&#13;&#10;&#9;&#13;&#10;&#9;public void avanza() {&#13;&#10;&#9;&#9;for (int i=0; i &lt; fase_linea.length; i++)&#13;&#10;&#9;&#9;&#9;avanzaLinea(i);&#13;&#10;&#9;}&#13;&#10;&#9;&#13;&#10;&#9;public void posiziona(int l) throws InvalidInputException {&#13;&#10;&#9;&#9;if(l &lt; 0 || l &gt;= n_linee) throw new InvalidInputException();&#13;&#10;&#9;&#9;if (fase_linea[l] == Fasi.ATTESA_POSIZIONAMENTO)&#13;&#10;&#9;&#9;&#9;fase_linea[l] = Fasi.RIFINITURA;&#13;&#10;&#9;&#9;else&#13;&#10;&#9;&#9;&#9;l = -1;&#13;&#10;&#9;&#9;for (int i = 0; i &lt; fase_linea.length; i++) {&#13;&#10;&#9;&#9;&#9;if (i != l)&#13;&#10;&#9;&#9;&#9;&#9;avanzaLinea(i);&#13;&#10;&#9;&#9;}&#13;&#10;&#9;}&#13;&#10;&#9;&#13;&#10;&#9;public void preleva(int l) throws InvalidInputException {&#13;&#10;&#9;&#9;if(l &lt; 0 || l &gt;= n_linee) throw new InvalidInputException();&#13;&#10;&#9;&#9;if (fase_linea[l] == Fasi.ATTESA_PRELIEVO)&#13;&#10;&#9;&#9;&#9;fase_linea[l] = Fasi.ATTESA_POSIZIONAMENTO;&#13;&#10;&#9;&#9;else&#13;&#10;&#9;&#9;&#9;l = -1;&#13;&#10;&#9;&#9;for (int i=0; i &lt; fase_linea.length; i++) {&#13;&#10;&#9;&#9;&#9;if (i != l)&#13;&#10;&#9;&#9;&#9;&#9;avanzaLinea(i);&#13;&#10;&#9;&#9;}&#13;&#10;&#9;}&#13;&#10;&#9;&#13;&#10;&#9;private void avanzaLinea(int i) {&#13;&#10;&#9;&#9;switch (fase_linea[i]) {&#13;&#10;&#9;&#9;&#9;case RIFINITURA:&#13;&#10;&#9;&#9;&#9;&#9;fase_linea[i] = Fasi.COLORAZIONE;&#13;&#10;&#9;&#9;&#9;&#9;break;&#13;&#10;&#9;&#9;&#9;case COLORAZIONE:&#13;&#10;&#9;&#9;&#9;&#9;fase_linea[i] = Fasi.PREPARAZIONE_LUCIDATURA;&#13;&#10;&#9;&#9;&#9;&#9;break;&#13;&#10;&#9;&#9;&#9;case PREPARAZIONE_LUCIDATURA:&#13;&#10;&#9;&#9;&#9;&#9;if (lucidaturaDisponibile(i)) {&#13;&#10;&#9;&#9;&#9;&#9;&#9;fase_linea[i] = Fasi.LUCIDATURA;&#13;&#10;&#9;&#9;&#9;&#9;&#9;fase_lucidatura[i] = 1;&#13;&#10;&#9;&#9;&#9;&#9;}&#13;&#10;&#9;&#9;&#9;&#9;break;&#13;&#10;&#9;&#9;&#9;case LUCIDATURA:&#13;&#10;&#9;&#9;&#9;&#9;if (fase_lucidatura[i] == 1)&#13;&#10;&#9;&#9;&#9;&#9;&#9;fase_lucidatura[i] = 2;&#13;&#10;&#9;&#9;&#9;&#9;else {&#13;&#10;&#9;&#9;&#9;&#9;&#9;fase_linea[i] = Fasi.ATTESA_PRELIEVO;&#13;&#10;&#9;&#9;&#9;&#9;&#9;fase_lucidatura[i] = 0;&#13;&#10;&#9;&#9;&#9;&#9;}&#13;&#10;&#9;&#9;&#9;&#9;break;&#13;&#10;&#9;&#9;&#9;default:&#13;&#10;&#9;&#9;&#9;&#9;break;&#9;&#9;&#9;&#13;&#10;&#9;&#9;}&#13;&#10;&#9;}&#13;&#10;&#9;&#13;&#10;&#9;private boolean lucidaturaDisponibile(int i) {&#13;&#10;&#9;&#9;for (int j = 0; j &lt; fase_linea.length; j++) {&#13;&#10;&#9;&#9;&#9;//un altro è entrato nella seconda parte di LUCIDATURA in questa chiamata di preleva() o posiziona()&#13;&#10;&#9;&#9;&#9;if (fase_linea[j] == Fasi.LUCIDATURA &amp;&amp; fase_lucidatura[j] == 2 &amp;&amp; j &lt; i)&#13;&#10;&#9;&#9;&#9;&#9;return false;&#13;&#10;&#9;&#9;&#9;// un altro nella prima fase di LUCIDATURA&#13;&#10;&#9;&#9;&#9;if (fase_linea[j] == Fasi.LUCIDATURA &amp;&amp; fase_lucidatura[j] == 1)&#13;&#10;&#9;&#9;&#9;&#9;return false;&#13;&#10;&#9;&#9;&#9;//un altro è nella seconda parte di LUCIDATURA e ne uscirà in questa chiamata di preleva() o posiziona()&#13;&#10;&#9;&#9;&#9;if (fase_linea[j] == Fasi.LUCIDATURA &amp;&amp; fase_lucidatura[j] == 2 &amp;&amp; j &gt; i) {&#13;&#10;&#9;&#9;&#9;&#9;fase_linea[j] = Fasi.ATTESA_PRELIEVO;&#13;&#10;&#9;&#9;&#9;&#9;fase_lucidatura[j] = 0;&#13;&#10;&#9;&#9;&#9;&#9;return true;&#13;&#10;&#9;&#9;&#9;}&#13;&#10;&#9;&#9;}&#13;&#10;&#9;&#9;// nessun caso particolare, posso andare in LUCIDATURA&#13;&#10;&#9;&#9;return true; &#13;&#10;&#9;}&#13;&#10;}&#13;&#10;" Filename="Produzione.java" Intrnl_Id="1"/>
    </SrcFileList>
    <CritList>
        <CritListEntry Name="org.codecover.model.utils.criteria.ConditionCoverage" PluginName="org.codecover"/>
        <CritListEntry Name="org.codecover.model.utils.criteria.BranchCoverage" PluginName="org.codecover"/>
        <CritListEntry Name="org.codecover.model.utils.criteria.StatementCoverage" PluginName="org.codecover"/>
    </CritList>
    <BoolOpList>
        <BoolOp Arity="2" Intrnl_Id="2" Name="conditional and (&amp;&amp;)">
            <BoolAssgnmntBoolMapList>
                <MapEntry BoolAssgnmnt="02" Value="false"/>
                <MapEntry BoolAssgnmnt="10" Value="false"/>
                <MapEntry BoolAssgnmnt="11" Value="true"/>
            </BoolAssgnmntBoolMapList>
        </BoolOp>
        <BoolOp Arity="2" Intrnl_Id="3" Name="conditional or (||)">
            <BoolAssgnmntBoolMapList>
                <MapEntry BoolAssgnmnt="00" Value="false"/>
                <MapEntry BoolAssgnmnt="01" Value="true"/>
                <MapEntry BoolAssgnmnt="12" Value="true"/>
            </BoolAssgnmntBoolMapList>
        </BoolOp>
    </BoolOpList>
    <HierarchyLvlTypeList>
        <HierarchyLvlType EnglishName="enumeration" IntrnlName="enum" Intrnl_Id="4"/>
        <HierarchyLvlType EnglishName="package" IntrnlName="package" Intrnl_Id="5"/>
        <HierarchyLvlType EnglishName="method" IntrnlName="method" Intrnl_Id="6"/>
        <HierarchyLvlType EnglishName="class" IntrnlName="class" Intrnl_Id="7"/>
        <HierarchyLvlType EnglishName="default package" IntrnlName="default package" Intrnl_Id="8"/>
    </HierarchyLvlTypeList>
    <MASTRoot>
        <HierarchyLvl HierarchyLvlId="14" HierarchyLvlTypeId="8" Intrnl_Id="9" Name="default package">
            <Header/>
            <LocList/>
            <HierarchyLvl HierarchyLvlId="13" HierarchyLvlTypeId="5" Intrnl_Id="10" Name="reparti">
                <Header/>
                <LocList/>
                <HierarchyLvl HierarchyLvlId="5" HierarchyLvlTypeId="4" Intrnl_Id="11" Name="Fasi">
                    <Header>
                        <Loc EndOffset="71" SrcFileId="1" StartOffset="62"/>
                    </Header>
                    <LocList>
                        <Loc EndOffset="174" SrcFileId="1" StartOffset="62"/>
                    </LocList>
                </HierarchyLvl>
                <HierarchyLvl HierarchyLvlId="12" HierarchyLvlTypeId="7" Intrnl_Id="12" Name="Produzione">
                    <Header>
                        <Loc EndOffset="201" SrcFileId="1" StartOffset="178"/>
                    </Header>
                    <LocList>
                        <Loc EndOffset="2747" SrcFileId="1" StartOffset="178"/>
                    </LocList>
                    <HierarchyLvl HierarchyLvlId="6" HierarchyLvlTypeId="6" Intrnl_Id="13" Name="Produzione">
                        <Header>
                            <Loc EndOffset="323" SrcFileId="1" StartOffset="270"/>
                        </Header>
                        <LocList>
                            <Loc EndOffset="563" SrcFileId="1" StartOffset="270"/>
                        </LocList>
                        <StmntSeq Intrnl_Id="14">
                            <LocList>
                                <Loc EndOffset="374" SrcFileId="1" StartOffset="329"/>
                                <Loc EndOffset="390" SrcFileId="1" StartOffset="378"/>
                                <Loc EndOffset="425" SrcFileId="1" StartOffset="394"/>
                                <Loc EndOffset="520" SrcFileId="1" StartOffset="429"/>
                                <Loc EndOffset="559" SrcFileId="1" StartOffset="524"/>
                            </LocList>
                            <CondStmnt CovItemId="S1" CovItemPrefix="reparti.Produzione.java" Intrnl_Id="15">
                                <Branch CovItemId="B1" CovItemPrefix="reparti.Produzione.java" Implct="false" Intrnl_Id="16">
                                    <Cond/>
                                    <LocList>
                                        <Loc EndOffset="374" SrcFileId="1" StartOffset="340"/>
                                    </LocList>
                                    <StmntSeq Intrnl_Id="17">
                                        <LocList>
                                            <Loc EndOffset="374" SrcFileId="1" StartOffset="340"/>
                                        </LocList>
                                        <BasicStmnt CovItemId="S2" CovItemPrefix="reparti.Produzione.java" Intrnl_Id="18">
                                            <LocList>
                                                <Loc EndOffset="374" SrcFileId="1" StartOffset="340"/>
                                            </LocList>
                                        </BasicStmnt>
                                    </StmntSeq>
                                </Branch>
                                <Branch CovItemId="B2" CovItemPrefix="reparti.Produzione.java" Implct="true" Intrnl_Id="19">
                                    <Cond/>
                                    <LocList/>
                                    <StmntSeq Intrnl_Id="20">
                                        <LocList/>
                                    </StmntSeq>
                                </Branch>
                                <Keyword EndOffset="331" SrcFileId="1" StartOffset="329"/>
                                <LocList>
                                    <Loc EndOffset="374" SrcFileId="1" StartOffset="329"/>
                                </LocList>
                                <RootTerm CovItemId="C1" CovItemPrefix="reparti.Produzione.java" Intrnl_Id="21">
                                    <BasicBoolTerm Intrnl_Id="22">
                                        <LocList>
                                            <Loc EndOffset="338" SrcFileId="1" StartOffset="332"/>
                                        </LocList>
                                    </BasicBoolTerm>
                                </RootTerm>
                            </CondStmnt>
                            <BasicStmnt CovItemId="S3" CovItemPrefix="reparti.Produzione.java" Intrnl_Id="23">
                                <LocList>
                                    <Loc EndOffset="390" SrcFileId="1" StartOffset="378"/>
                                </LocList>
                            </BasicStmnt>
                            <BasicStmnt CovItemId="S4" CovItemPrefix="reparti.Produzione.java" Intrnl_Id="24">
                                <LocList>
                                    <Loc EndOffset="425" SrcFileId="1" StartOffset="394"/>
                                </LocList>
                            </BasicStmnt>
                            <LoopStmnt CovItemId="S5" CovItemPrefix="reparti.Produzione.java" Intrnl_Id="25" MltplExecId="L1-2" MltplExecPrefix="reparti.Produzione.java" NvrExecId="L1-0" NvrExecPrefix="reparti.Produzione.java" OnceExecutedId="L1-1" OnceExecutedPrefix="reparti.Produzione.java" OptBodyExec="true">
                                <StmntSeq Intrnl_Id="26">
                                    <LocList>
                                        <Loc EndOffset="520" SrcFileId="1" StartOffset="477"/>
                                    </LocList>
                                    <BasicStmnt CovItemId="S6" CovItemPrefix="reparti.Produzione.java" Intrnl_Id="27">
                                        <LocList>
                                            <Loc EndOffset="520" SrcFileId="1" StartOffset="477"/>
                                        </LocList>
                                    </BasicStmnt>
                                </StmntSeq>
                                <Keyword EndOffset="432" SrcFileId="1" StartOffset="429"/>
                                <LocList>
                                    <Loc EndOffset="520" SrcFileId="1" StartOffset="429"/>
                                </LocList>
                                <RootTerm CovItemId="C2" CovItemPrefix="reparti.Produzione.java" Intrnl_Id="28">
                                    <BasicBoolTerm Intrnl_Id="29">
                                        <LocList>
                                            <Loc EndOffset="466" SrcFileId="1" StartOffset="445"/>
                                        </LocList>
                                    </BasicBoolTerm>
                                </RootTerm>
                            </LoopStmnt>
                            <BasicStmnt CovItemId="S7" CovItemPrefix="reparti.Produzione.java" Intrnl_Id="30">
                                <LocList>
                                    <Loc EndOffset="559" SrcFileId="1" StartOffset="524"/>
                                </LocList>
                            </BasicStmnt>
                        </StmntSeq>
                    </HierarchyLvl>
                    <HierarchyLvl HierarchyLvlId="7" HierarchyLvlTypeId="6" Intrnl_Id="31" Name="avanza">
                        <Header>
                            <Loc EndOffset="589" SrcFileId="1" StartOffset="569"/>
                        </Header>
                        <LocList>
                            <Loc EndOffset="660" SrcFileId="1" StartOffset="569"/>
                        </LocList>
                        <StmntSeq Intrnl_Id="32">
                            <LocList>
                                <Loc EndOffset="656" SrcFileId="1" StartOffset="595"/>
                            </LocList>
                            <LoopStmnt CovItemId="S8" CovItemPrefix="reparti.Produzione.java" Intrnl_Id="33" MltplExecId="L2-2" MltplExecPrefix="reparti.Produzione.java" NvrExecId="L2-0" NvrExecPrefix="reparti.Produzione.java" OnceExecutedId="L2-1" OnceExecutedPrefix="reparti.Produzione.java" OptBodyExec="true">
                                <StmntSeq Intrnl_Id="34">
                                    <LocList>
                                        <Loc EndOffset="656" SrcFileId="1" StartOffset="641"/>
                                    </LocList>
                                    <BasicStmnt CovItemId="S9" CovItemPrefix="reparti.Produzione.java" Intrnl_Id="35">
                                        <LocList>
                                            <Loc EndOffset="656" SrcFileId="1" StartOffset="641"/>
                                        </LocList>
                                    </BasicStmnt>
                                </StmntSeq>
                                <Keyword EndOffset="598" SrcFileId="1" StartOffset="595"/>
                                <LocList>
                                    <Loc EndOffset="656" SrcFileId="1" StartOffset="595"/>
                                </LocList>
                                <RootTerm CovItemId="C3" CovItemPrefix="reparti.Produzione.java" Intrnl_Id="36">
                                    <BasicBoolTerm Intrnl_Id="37">
                                        <LocList>
                                            <Loc EndOffset="630" SrcFileId="1" StartOffset="609"/>
                                        </LocList>
                                    </BasicBoolTerm>
                                </RootTerm>
                            </LoopStmnt>
                        </StmntSeq>
                    </HierarchyLvl>
                    <HierarchyLvl HierarchyLvlId="8" HierarchyLvlTypeId="6" Intrnl_Id="38" Name="posiziona">
                        <Header>
                            <Loc EndOffset="723" SrcFileId="1" StartOffset="666"/>
                        </Header>
                        <LocList>
                            <Loc EndOffset="993" SrcFileId="1" StartOffset="666"/>
                        </LocList>
                        <StmntSeq Intrnl_Id="39">
                            <LocList>
                                <Loc EndOffset="789" SrcFileId="1" StartOffset="729"/>
                                <Loc EndOffset="898" SrcFileId="1" StartOffset="793"/>
                                <Loc EndOffset="989" SrcFileId="1" StartOffset="902"/>
                            </LocList>
                            <CondStmnt CovItemId="S10" CovItemPrefix="reparti.Produzione.java" Intrnl_Id="40">
                                <Branch CovItemId="B3" CovItemPrefix="reparti.Produzione.java" Implct="false" Intrnl_Id="41">
                                    <Cond/>
                                    <LocList>
                                        <Loc EndOffset="789" SrcFileId="1" StartOffset="755"/>
                                    </LocList>
                                    <StmntSeq Intrnl_Id="42">
                                        <LocList>
                                            <Loc EndOffset="789" SrcFileId="1" StartOffset="755"/>
                                        </LocList>
                                        <BasicStmnt CovItemId="S11" CovItemPrefix="reparti.Produzione.java" Intrnl_Id="43">
                                            <LocList>
                                                <Loc EndOffset="789" SrcFileId="1" StartOffset="755"/>
                                            </LocList>
                                        </BasicStmnt>
                                    </StmntSeq>
                                </Branch>
                                <Branch CovItemId="B4" CovItemPrefix="reparti.Produzione.java" Implct="true" Intrnl_Id="44">
                                    <Cond/>
                                    <LocList/>
                                    <StmntSeq Intrnl_Id="45">
                                        <LocList/>
                                    </StmntSeq>
                                </Branch>
                                <Keyword EndOffset="731" SrcFileId="1" StartOffset="729"/>
                                <LocList>
                                    <Loc EndOffset="789" SrcFileId="1" StartOffset="729"/>
                                </LocList>
                                <RootTerm CovItemId="C4" CovItemPrefix="reparti.Produzione.java" Intrnl_Id="46">
                                    <OpTerm BooleanOpId="3" Intrnl_Id="47">
                                        <BasicBoolTerm Intrnl_Id="48">
                                            <LocList>
                                                <Loc EndOffset="737" SrcFileId="1" StartOffset="732"/>
                                            </LocList>
                                        </BasicBoolTerm>
                                        <BasicBoolTerm Intrnl_Id="49">
                                            <LocList>
                                                <Loc EndOffset="753" SrcFileId="1" StartOffset="741"/>
                                            </LocList>
                                        </BasicBoolTerm>
                                        <LocList>
                                            <Loc EndOffset="740" SrcFileId="1" StartOffset="738"/>
                                        </LocList>
                                    </OpTerm>
                                </RootTerm>
                            </CondStmnt>
                            <CondStmnt CovItemId="S12" CovItemPrefix="reparti.Produzione.java" Intrnl_Id="50">
                                <Branch CovItemId="B5" CovItemPrefix="reparti.Produzione.java" Implct="false" Intrnl_Id="51">
                                    <Cond/>
                                    <LocList>
                                        <Loc EndOffset="878" SrcFileId="1" StartOffset="846"/>
                                    </LocList>
                                    <StmntSeq Intrnl_Id="52">
                                        <LocList>
                                            <Loc EndOffset="878" SrcFileId="1" StartOffset="846"/>
                                        </LocList>
                                        <BasicStmnt CovItemId="S13" CovItemPrefix="reparti.Produzione.java" Intrnl_Id="53">
                                            <LocList>
                                                <Loc EndOffset="878" SrcFileId="1" StartOffset="846"/>
                                            </LocList>
                                        </BasicStmnt>
                                    </StmntSeq>
                                </Branch>
                                <Branch CovItemId="B6" CovItemPrefix="reparti.Produzione.java" Implct="false" Intrnl_Id="54">
                                    <Cond>
                                        <Loc EndOffset="886" SrcFileId="1" StartOffset="882"/>
                                    </Cond>
                                    <LocList>
                                        <Loc EndOffset="898" SrcFileId="1" StartOffset="891"/>
                                    </LocList>
                                    <StmntSeq Intrnl_Id="55">
                                        <LocList>
                                            <Loc EndOffset="898" SrcFileId="1" StartOffset="891"/>
                                        </LocList>
                                        <BasicStmnt CovItemId="S14" CovItemPrefix="reparti.Produzione.java" Intrnl_Id="56">
                                            <LocList>
                                                <Loc EndOffset="898" SrcFileId="1" StartOffset="891"/>
                                            </LocList>
                                        </BasicStmnt>
                                    </StmntSeq>
                                </Branch>
                                <Keyword EndOffset="795" SrcFileId="1" StartOffset="793"/>
                                <LocList>
                                    <Loc EndOffset="898" SrcFileId="1" StartOffset="793"/>
                                </LocList>
                                <RootTerm CovItemId="C5" CovItemPrefix="reparti.Produzione.java" Intrnl_Id="57">
                                    <BasicBoolTerm Intrnl_Id="58">
                                        <LocList>
                                            <Loc EndOffset="840" SrcFileId="1" StartOffset="797"/>
                                        </LocList>
                                    </BasicBoolTerm>
                                </RootTerm>
                            </CondStmnt>
                            <LoopStmnt CovItemId="S15" CovItemPrefix="reparti.Produzione.java" Intrnl_Id="59" MltplExecId="L3-2" MltplExecPrefix="reparti.Produzione.java" NvrExecId="L3-0" NvrExecPrefix="reparti.Produzione.java" OnceExecutedId="L3-1" OnceExecutedPrefix="reparti.Produzione.java" OptBodyExec="true">
                                <StmntSeq Intrnl_Id="60">
                                    <LocList>
                                        <Loc EndOffset="984" SrcFileId="1" StartOffset="952"/>
                                    </LocList>
                                    <CondStmnt CovItemId="S16" CovItemPrefix="reparti.Produzione.java" Intrnl_Id="61">
                                        <Branch CovItemId="B7" CovItemPrefix="reparti.Produzione.java" Implct="false" Intrnl_Id="62">
                                            <Cond/>
                                            <LocList>
                                                <Loc EndOffset="984" SrcFileId="1" StartOffset="969"/>
                                            </LocList>
                                            <StmntSeq Intrnl_Id="63">
                                                <LocList>
                                                    <Loc EndOffset="984" SrcFileId="1" StartOffset="969"/>
                                                </LocList>
                                                <BasicStmnt CovItemId="S17" CovItemPrefix="reparti.Produzione.java" Intrnl_Id="64">
                                                    <LocList>
                                                        <Loc EndOffset="984" SrcFileId="1" StartOffset="969"/>
                                                    </LocList>
                                                </BasicStmnt>
                                            </StmntSeq>
                                        </Branch>
                                        <Branch CovItemId="B8" CovItemPrefix="reparti.Produzione.java" Implct="true" Intrnl_Id="65">
                                            <Cond/>
                                            <LocList/>
                                            <StmntSeq Intrnl_Id="66">
                                                <LocList/>
                                            </StmntSeq>
                                        </Branch>
                                        <Keyword EndOffset="954" SrcFileId="1" StartOffset="952"/>
                                        <LocList>
                                            <Loc EndOffset="984" SrcFileId="1" StartOffset="952"/>
                                        </LocList>
                                        <RootTerm CovItemId="C7" CovItemPrefix="reparti.Produzione.java" Intrnl_Id="67">
                                            <BasicBoolTerm Intrnl_Id="68">
                                                <LocList>
                                                    <Loc EndOffset="962" SrcFileId="1" StartOffset="956"/>
                                                </LocList>
                                            </BasicBoolTerm>
                                        </RootTerm>
                                    </CondStmnt>
                                </StmntSeq>
                                <Keyword EndOffset="905" SrcFileId="1" StartOffset="902"/>
                                <LocList>
                                    <Loc EndOffset="989" SrcFileId="1" StartOffset="902"/>
                                </LocList>
                                <RootTerm CovItemId="C6" CovItemPrefix="reparti.Produzione.java" Intrnl_Id="69">
                                    <BasicBoolTerm Intrnl_Id="70">
                                        <LocList>
                                            <Loc EndOffset="939" SrcFileId="1" StartOffset="918"/>
                                        </LocList>
                                    </BasicBoolTerm>
                                </RootTerm>
                            </LoopStmnt>
                        </StmntSeq>
                    </HierarchyLvl>
                    <HierarchyLvl HierarchyLvlId="9" HierarchyLvlTypeId="6" Intrnl_Id="71" Name="preleva">
                        <Header>
                            <Loc EndOffset="1054" SrcFileId="1" StartOffset="999"/>
                        </Header>
                        <LocList>
                            <Loc EndOffset="1327" SrcFileId="1" StartOffset="999"/>
                        </LocList>
                        <StmntSeq Intrnl_Id="72">
                            <LocList>
                                <Loc EndOffset="1120" SrcFileId="1" StartOffset="1060"/>
                                <Loc EndOffset="1234" SrcFileId="1" StartOffset="1124"/>
                                <Loc EndOffset="1323" SrcFileId="1" StartOffset="1238"/>
                            </LocList>
                            <CondStmnt CovItemId="S18" CovItemPrefix="reparti.Produzione.java" Intrnl_Id="73">
                                <Branch CovItemId="B9" CovItemPrefix="reparti.Produzione.java" Implct="false" Intrnl_Id="74">
                                    <Cond/>
                                    <LocList>
                                        <Loc EndOffset="1120" SrcFileId="1" StartOffset="1086"/>
                                    </LocList>
                                    <StmntSeq Intrnl_Id="75">
                                        <LocList>
                                            <Loc EndOffset="1120" SrcFileId="1" StartOffset="1086"/>
                                        </LocList>
                                        <BasicStmnt CovItemId="S19" CovItemPrefix="reparti.Produzione.java" Intrnl_Id="76">
                                            <LocList>
                                                <Loc EndOffset="1120" SrcFileId="1" StartOffset="1086"/>
                                            </LocList>
                                        </BasicStmnt>
                                    </StmntSeq>
                                </Branch>
                                <Branch CovItemId="B10" CovItemPrefix="reparti.Produzione.java" Implct="true" Intrnl_Id="77">
                                    <Cond/>
                                    <LocList/>
                                    <StmntSeq Intrnl_Id="78">
                                        <LocList/>
                                    </StmntSeq>
                                </Branch>
                                <Keyword EndOffset="1062" SrcFileId="1" StartOffset="1060"/>
                                <LocList>
                                    <Loc EndOffset="1120" SrcFileId="1" StartOffset="1060"/>
                                </LocList>
                                <RootTerm CovItemId="C8" CovItemPrefix="reparti.Produzione.java" Intrnl_Id="79">
                                    <OpTerm BooleanOpId="3" Intrnl_Id="80">
                                        <BasicBoolTerm Intrnl_Id="81">
                                            <LocList>
                                                <Loc EndOffset="1068" SrcFileId="1" StartOffset="1063"/>
                                            </LocList>
                                        </BasicBoolTerm>
                                        <BasicBoolTerm Intrnl_Id="82">
                                            <LocList>
                                                <Loc EndOffset="1084" SrcFileId="1" StartOffset="1072"/>
                                            </LocList>
                                        </BasicBoolTerm>
                                        <LocList>
                                            <Loc EndOffset="1071" SrcFileId="1" StartOffset="1069"/>
                                        </LocList>
                                    </OpTerm>
                                </RootTerm>
                            </CondStmnt>
                            <CondStmnt CovItemId="S20" CovItemPrefix="reparti.Produzione.java" Intrnl_Id="83">
                                <Branch CovItemId="B11" CovItemPrefix="reparti.Produzione.java" Implct="false" Intrnl_Id="84">
                                    <Cond/>
                                    <LocList>
                                        <Loc EndOffset="1214" SrcFileId="1" StartOffset="1171"/>
                                    </LocList>
                                    <StmntSeq Intrnl_Id="85">
                                        <LocList>
                                            <Loc EndOffset="1214" SrcFileId="1" StartOffset="1171"/>
                                        </LocList>
                                        <BasicStmnt CovItemId="S21" CovItemPrefix="reparti.Produzione.java" Intrnl_Id="86">
                                            <LocList>
                                                <Loc EndOffset="1214" SrcFileId="1" StartOffset="1171"/>
                                            </LocList>
                                        </BasicStmnt>
                                    </StmntSeq>
                                </Branch>
                                <Branch CovItemId="B12" CovItemPrefix="reparti.Produzione.java" Implct="false" Intrnl_Id="87">
                                    <Cond>
                                        <Loc EndOffset="1222" SrcFileId="1" StartOffset="1218"/>
                                    </Cond>
                                    <LocList>
                                        <Loc EndOffset="1234" SrcFileId="1" StartOffset="1227"/>
                                    </LocList>
                                    <StmntSeq Intrnl_Id="88">
                                        <LocList>
                                            <Loc EndOffset="1234" SrcFileId="1" StartOffset="1227"/>
                                        </LocList>
                                        <BasicStmnt CovItemId="S22" CovItemPrefix="reparti.Produzione.java" Intrnl_Id="89">
                                            <LocList>
                                                <Loc EndOffset="1234" SrcFileId="1" StartOffset="1227"/>
                                            </LocList>
                                        </BasicStmnt>
                                    </StmntSeq>
                                </Branch>
                                <Keyword EndOffset="1126" SrcFileId="1" StartOffset="1124"/>
                                <LocList>
                                    <Loc EndOffset="1234" SrcFileId="1" StartOffset="1124"/>
                                </LocList>
                                <RootTerm CovItemId="C9" CovItemPrefix="reparti.Produzione.java" Intrnl_Id="90">
                                    <BasicBoolTerm Intrnl_Id="91">
                                        <LocList>
                                            <Loc EndOffset="1165" SrcFileId="1" StartOffset="1128"/>
                                        </LocList>
                                    </BasicBoolTerm>
                                </RootTerm>
                            </CondStmnt>
                            <LoopStmnt CovItemId="S23" CovItemPrefix="reparti.Produzione.java" Intrnl_Id="92" MltplExecId="L4-2" MltplExecPrefix="reparti.Produzione.java" NvrExecId="L4-0" NvrExecPrefix="reparti.Produzione.java" OnceExecutedId="L4-1" OnceExecutedPrefix="reparti.Produzione.java" OptBodyExec="true">
                                <StmntSeq Intrnl_Id="93">
                                    <LocList>
                                        <Loc EndOffset="1318" SrcFileId="1" StartOffset="1286"/>
                                    </LocList>
                                    <CondStmnt CovItemId="S24" CovItemPrefix="reparti.Produzione.java" Intrnl_Id="94">
                                        <Branch CovItemId="B13" CovItemPrefix="reparti.Produzione.java" Implct="false" Intrnl_Id="95">
                                            <Cond/>
                                            <LocList>
                                                <Loc EndOffset="1318" SrcFileId="1" StartOffset="1303"/>
                                            </LocList>
                                            <StmntSeq Intrnl_Id="96">
                                                <LocList>
                                                    <Loc EndOffset="1318" SrcFileId="1" StartOffset="1303"/>
                                                </LocList>
                                                <BasicStmnt CovItemId="S25" CovItemPrefix="reparti.Produzione.java" Intrnl_Id="97">
                                                    <LocList>
                                                        <Loc EndOffset="1318" SrcFileId="1" StartOffset="1303"/>
                                                    </LocList>
                                                </BasicStmnt>
                                            </StmntSeq>
                                        </Branch>
                                        <Branch CovItemId="B14" CovItemPrefix="reparti.Produzione.java" Implct="true" Intrnl_Id="98">
                                            <Cond/>
                                            <LocList/>
                                            <StmntSeq Intrnl_Id="99">
                                                <LocList/>
                                            </StmntSeq>
                                        </Branch>
                                        <Keyword EndOffset="1288" SrcFileId="1" StartOffset="1286"/>
                                        <LocList>
                                            <Loc EndOffset="1318" SrcFileId="1" StartOffset="1286"/>
                                        </LocList>
                                        <RootTerm CovItemId="C11" CovItemPrefix="reparti.Produzione.java" Intrnl_Id="100">
                                            <BasicBoolTerm Intrnl_Id="101">
                                                <LocList>
                                                    <Loc EndOffset="1296" SrcFileId="1" StartOffset="1290"/>
                                                </LocList>
                                            </BasicBoolTerm>
                                        </RootTerm>
                                    </CondStmnt>
                                </StmntSeq>
                                <Keyword EndOffset="1241" SrcFileId="1" StartOffset="1238"/>
                                <LocList>
                                    <Loc EndOffset="1323" SrcFileId="1" StartOffset="1238"/>
                                </LocList>
                                <RootTerm CovItemId="C10" CovItemPrefix="reparti.Produzione.java" Intrnl_Id="102">
                                    <BasicBoolTerm Intrnl_Id="103">
                                        <LocList>
                                            <Loc EndOffset="1273" SrcFileId="1" StartOffset="1252"/>
                                        </LocList>
                                    </BasicBoolTerm>
                                </RootTerm>
                            </LoopStmnt>
                        </StmntSeq>
                    </HierarchyLvl>
                    <HierarchyLvl HierarchyLvlId="10" HierarchyLvlTypeId="6" Intrnl_Id="104" Name="avanzaLinea">
                        <Header>
                            <Loc EndOffset="1364" SrcFileId="1" StartOffset="1333"/>
                        </Header>
                        <LocList>
                            <Loc EndOffset="1937" SrcFileId="1" StartOffset="1333"/>
                        </LocList>
                        <StmntSeq Intrnl_Id="105">
                            <LocList>
                                <Loc EndOffset="1933" SrcFileId="1" StartOffset="1370"/>
                            </LocList>
                            <CondStmnt CovItemId="S26" CovItemPrefix="reparti.Produzione.java" Intrnl_Id="106">
                                <Branch CovItemId="B15" CovItemPrefix="reparti.Produzione.java" Implct="false" Intrnl_Id="107">
                                    <Cond>
                                        <Loc EndOffset="1414" SrcFileId="1" StartOffset="1399"/>
                                    </Cond>
                                    <LocList>
                                        <Loc EndOffset="1466" SrcFileId="1" StartOffset="1421"/>
                                    </LocList>
                                    <StmntSeq Intrnl_Id="108">
                                        <LocList>
                                            <Loc EndOffset="1454" SrcFileId="1" StartOffset="1421"/>
                                            <Loc EndOffset="1466" SrcFileId="1" StartOffset="1460"/>
                                        </LocList>
                                        <BasicStmnt CovItemId="S27" CovItemPrefix="reparti.Produzione.java" Intrnl_Id="109">
                                            <LocList>
                                                <Loc EndOffset="1454" SrcFileId="1" StartOffset="1421"/>
                                            </LocList>
                                        </BasicStmnt>
                                        <BasicStmnt CovItemId="S28" CovItemPrefix="reparti.Produzione.java" Intrnl_Id="110">
                                            <LocList>
                                                <Loc EndOffset="1466" SrcFileId="1" StartOffset="1460"/>
                                            </LocList>
                                        </BasicStmnt>
                                    </StmntSeq>
                                </Branch>
                                <Branch CovItemId="B16" CovItemPrefix="reparti.Produzione.java" Implct="false" Intrnl_Id="111">
                                    <Cond>
                                        <Loc EndOffset="1487" SrcFileId="1" StartOffset="1471"/>
                                    </Cond>
                                    <LocList>
                                        <Loc EndOffset="1551" SrcFileId="1" StartOffset="1494"/>
                                    </LocList>
                                    <StmntSeq Intrnl_Id="112">
                                        <LocList>
                                            <Loc EndOffset="1539" SrcFileId="1" StartOffset="1494"/>
                                            <Loc EndOffset="1551" SrcFileId="1" StartOffset="1545"/>
                                        </LocList>
                                        <BasicStmnt CovItemId="S29" CovItemPrefix="reparti.Produzione.java" Intrnl_Id="113">
                                            <LocList>
                                                <Loc EndOffset="1539" SrcFileId="1" StartOffset="1494"/>
                                            </LocList>
                                        </BasicStmnt>
                                        <BasicStmnt CovItemId="S30" CovItemPrefix="reparti.Produzione.java" Intrnl_Id="114">
                                            <LocList>
                                                <Loc EndOffset="1551" SrcFileId="1" StartOffset="1545"/>
                                            </LocList>
                                        </BasicStmnt>
                                    </StmntSeq>
                                </Branch>
                                <Branch CovItemId="B17" CovItemPrefix="reparti.Produzione.java" Implct="false" Intrnl_Id="115">
                                    <Cond>
                                        <Loc EndOffset="1584" SrcFileId="1" StartOffset="1556"/>
                                    </Cond>
                                    <LocList>
                                        <Loc EndOffset="1710" SrcFileId="1" StartOffset="1591"/>
                                    </LocList>
                                    <StmntSeq Intrnl_Id="116">
                                        <LocList>
                                            <Loc EndOffset="1698" SrcFileId="1" StartOffset="1591"/>
                                            <Loc EndOffset="1710" SrcFileId="1" StartOffset="1704"/>
                                        </LocList>
                                        <CondStmnt CovItemId="S31" CovItemPrefix="reparti.Produzione.java" Intrnl_Id="117">
                                            <Branch CovItemId="B18" CovItemPrefix="reparti.Produzione.java" Implct="false" Intrnl_Id="118">
                                                <Cond/>
                                                <LocList>
                                                    <Loc EndOffset="1698" SrcFileId="1" StartOffset="1621"/>
                                                </LocList>
                                                <StmntSeq Intrnl_Id="119">
                                                    <LocList>
                                                        <Loc EndOffset="1661" SrcFileId="1" StartOffset="1629"/>
                                                        <Loc EndOffset="1691" SrcFileId="1" StartOffset="1668"/>
                                                    </LocList>
                                                    <BasicStmnt CovItemId="S32" CovItemPrefix="reparti.Produzione.java" Intrnl_Id="120">
                                                        <LocList>
                                                            <Loc EndOffset="1661" SrcFileId="1" StartOffset="1629"/>
                                                        </LocList>
                                                    </BasicStmnt>
                                                    <BasicStmnt CovItemId="S33" CovItemPrefix="reparti.Produzione.java" Intrnl_Id="121">
                                                        <LocList>
                                                            <Loc EndOffset="1691" SrcFileId="1" StartOffset="1668"/>
                                                        </LocList>
                                                    </BasicStmnt>
                                                </StmntSeq>
                                            </Branch>
                                            <Branch CovItemId="B19" CovItemPrefix="reparti.Produzione.java" Implct="true" Intrnl_Id="122">
                                                <Cond/>
                                                <LocList/>
                                                <StmntSeq Intrnl_Id="123">
                                                    <LocList/>
                                                </StmntSeq>
                                            </Branch>
                                            <Keyword EndOffset="1593" SrcFileId="1" StartOffset="1591"/>
                                            <LocList>
                                                <Loc EndOffset="1698" SrcFileId="1" StartOffset="1591"/>
                                            </LocList>
                                            <RootTerm CovItemId="C12" CovItemPrefix="reparti.Produzione.java" Intrnl_Id="124">
                                                <BasicBoolTerm Intrnl_Id="125">
                                                    <LocList>
                                                        <Loc EndOffset="1619" SrcFileId="1" StartOffset="1595"/>
                                                    </LocList>
                                                </BasicBoolTerm>
                                            </RootTerm>
                                        </CondStmnt>
                                        <BasicStmnt CovItemId="S34" CovItemPrefix="reparti.Produzione.java" Intrnl_Id="126">
                                            <LocList>
                                                <Loc EndOffset="1710" SrcFileId="1" StartOffset="1704"/>
                                            </LocList>
                                        </BasicStmnt>
                                    </StmntSeq>
                                </Branch>
                                <Branch CovItemId="B20" CovItemPrefix="reparti.Produzione.java" Implct="false" Intrnl_Id="127">
                                    <Cond>
                                        <Loc EndOffset="1730" SrcFileId="1" StartOffset="1715"/>
                                    </Cond>
                                    <LocList>
                                        <Loc EndOffset="1900" SrcFileId="1" StartOffset="1737"/>
                                    </LocList>
                                    <StmntSeq Intrnl_Id="128">
                                        <LocList>
                                            <Loc EndOffset="1888" SrcFileId="1" StartOffset="1737"/>
                                            <Loc EndOffset="1900" SrcFileId="1" StartOffset="1894"/>
                                        </LocList>
                                        <CondStmnt CovItemId="S35" CovItemPrefix="reparti.Produzione.java" Intrnl_Id="129">
                                            <Branch CovItemId="B21" CovItemPrefix="reparti.Produzione.java" Implct="false" Intrnl_Id="130">
                                                <Cond/>
                                                <LocList>
                                                    <Loc EndOffset="1795" SrcFileId="1" StartOffset="1772"/>
                                                </LocList>
                                                <StmntSeq Intrnl_Id="131">
                                                    <LocList>
                                                        <Loc EndOffset="1795" SrcFileId="1" StartOffset="1772"/>
                                                    </LocList>
                                                    <BasicStmnt CovItemId="S36" CovItemPrefix="reparti.Produzione.java" Intrnl_Id="132">
                                                        <LocList>
                                                            <Loc EndOffset="1795" SrcFileId="1" StartOffset="1772"/>
                                                        </LocList>
                                                    </BasicStmnt>
                                                </StmntSeq>
                                            </Branch>
                                            <Branch CovItemId="B22" CovItemPrefix="reparti.Produzione.java" Implct="false" Intrnl_Id="133">
                                                <Cond>
                                                    <Loc EndOffset="1805" SrcFileId="1" StartOffset="1801"/>
                                                </Cond>
                                                <LocList>
                                                    <Loc EndOffset="1888" SrcFileId="1" StartOffset="1806"/>
                                                </LocList>
                                                <StmntSeq Intrnl_Id="134">
                                                    <LocList>
                                                        <Loc EndOffset="1851" SrcFileId="1" StartOffset="1814"/>
                                                        <Loc EndOffset="1881" SrcFileId="1" StartOffset="1858"/>
                                                    </LocList>
                                                    <BasicStmnt CovItemId="S37" CovItemPrefix="reparti.Produzione.java" Intrnl_Id="135">
                                                        <LocList>
                                                            <Loc EndOffset="1851" SrcFileId="1" StartOffset="1814"/>
                                                        </LocList>
                                                    </BasicStmnt>
                                                    <BasicStmnt CovItemId="S38" CovItemPrefix="reparti.Produzione.java" Intrnl_Id="136">
                                                        <LocList>
                                                            <Loc EndOffset="1881" SrcFileId="1" StartOffset="1858"/>
                                                        </LocList>
                                                    </BasicStmnt>
                                                </StmntSeq>
                                            </Branch>
                                            <Keyword EndOffset="1739" SrcFileId="1" StartOffset="1737"/>
                                            <LocList>
                                                <Loc EndOffset="1888" SrcFileId="1" StartOffset="1737"/>
                                            </LocList>
                                            <RootTerm CovItemId="C13" CovItemPrefix="reparti.Produzione.java" Intrnl_Id="137">
                                                <BasicBoolTerm Intrnl_Id="138">
                                                    <LocList>
                                                        <Loc EndOffset="1764" SrcFileId="1" StartOffset="1741"/>
                                                    </LocList>
                                                </BasicBoolTerm>
                                            </RootTerm>
                                        </CondStmnt>
                                        <BasicStmnt CovItemId="S39" CovItemPrefix="reparti.Produzione.java" Intrnl_Id="139">
                                            <LocList>
                                                <Loc EndOffset="1900" SrcFileId="1" StartOffset="1894"/>
                                            </LocList>
                                        </BasicStmnt>
                                    </StmntSeq>
                                </Branch>
                                <Branch CovItemId="B23" CovItemPrefix="reparti.Produzione.java" Implct="false" Intrnl_Id="140">
                                    <Cond>
                                        <Loc EndOffset="1912" SrcFileId="1" StartOffset="1905"/>
                                    </Cond>
                                    <LocList>
                                        <Loc EndOffset="1925" SrcFileId="1" StartOffset="1919"/>
                                    </LocList>
                                    <StmntSeq Intrnl_Id="141">
                                        <LocList>
                                            <Loc EndOffset="1925" SrcFileId="1" StartOffset="1919"/>
                                        </LocList>
                                        <BasicStmnt CovItemId="S40" CovItemPrefix="reparti.Produzione.java" Intrnl_Id="142">
                                            <LocList>
                                                <Loc EndOffset="1925" SrcFileId="1" StartOffset="1919"/>
                                            </LocList>
                                        </BasicStmnt>
                                    </StmntSeq>
                                </Branch>
                                <Keyword EndOffset="1376" SrcFileId="1" StartOffset="1370"/>
                                <LocList>
                                    <Loc EndOffset="1933" SrcFileId="1" StartOffset="1370"/>
                                </LocList>
                            </CondStmnt>
                        </StmntSeq>
                    </HierarchyLvl>
                    <HierarchyLvl HierarchyLvlId="11" HierarchyLvlTypeId="6" Intrnl_Id="143" Name="lucidaturaDisponibile">
                        <Header>
                            <Loc EndOffset="1987" SrcFileId="1" StartOffset="1943"/>
                        </Header>
                        <LocList>
                            <Loc EndOffset="2744" SrcFileId="1" StartOffset="1943"/>
                        </LocList>
                        <StmntSeq Intrnl_Id="144">
                            <LocList>
                                <Loc EndOffset="2665" SrcFileId="1" StartOffset="1993"/>
                                <Loc EndOffset="2739" SrcFileId="1" StartOffset="2727"/>
                            </LocList>
                            <LoopStmnt CovItemId="S41" CovItemPrefix="reparti.Produzione.java" Intrnl_Id="145" MltplExecId="L5-2" MltplExecPrefix="reparti.Produzione.java" NvrExecId="L5-0" NvrExecPrefix="reparti.Produzione.java" OnceExecutedId="L5-1" OnceExecutedPrefix="reparti.Produzione.java" OptBodyExec="true">
                                <StmntSeq Intrnl_Id="146">
                                    <LocList>
                                        <Loc EndOffset="2240" SrcFileId="1" StartOffset="2148"/>
                                        <Loc EndOffset="2375" SrcFileId="1" StartOffset="2292"/>
                                        <Loc EndOffset="2660" SrcFileId="1" StartOffset="2489"/>
                                    </LocList>
                                    <CondStmnt CovItemId="S42" CovItemPrefix="reparti.Produzione.java" Intrnl_Id="147">
                                        <Branch CovItemId="B24" CovItemPrefix="reparti.Produzione.java" Implct="false" Intrnl_Id="148">
                                            <Cond/>
                                            <LocList>
                                                <Loc EndOffset="2240" SrcFileId="1" StartOffset="2227"/>
                                            </LocList>
                                            <StmntSeq Intrnl_Id="149">
                                                <LocList>
                                                    <Loc EndOffset="2240" SrcFileId="1" StartOffset="2227"/>
                                                </LocList>
                                                <BasicStmnt CovItemId="S43" CovItemPrefix="reparti.Produzione.java" Intrnl_Id="150">
                                                    <LocList>
                                                        <Loc EndOffset="2240" SrcFileId="1" StartOffset="2227"/>
                                                    </LocList>
                                                </BasicStmnt>
                                            </StmntSeq>
                                        </Branch>
                                        <Branch CovItemId="B25" CovItemPrefix="reparti.Produzione.java" Implct="true" Intrnl_Id="151">
                                            <Cond/>
                                            <LocList/>
                                            <StmntSeq Intrnl_Id="152">
                                                <LocList/>
                                            </StmntSeq>
                                        </Branch>
                                        <Keyword EndOffset="2150" SrcFileId="1" StartOffset="2148"/>
                                        <LocList>
                                            <Loc EndOffset="2240" SrcFileId="1" StartOffset="2148"/>
                                        </LocList>
                                        <RootTerm CovItemId="C15" CovItemPrefix="reparti.Produzione.java" Intrnl_Id="153">
                                            <OpTerm BooleanOpId="2" Intrnl_Id="154">
                                                <OpTerm BooleanOpId="2" Intrnl_Id="155">
                                                    <BasicBoolTerm Intrnl_Id="156">
                                                        <LocList>
                                                            <Loc EndOffset="2184" SrcFileId="1" StartOffset="2152"/>
                                                        </LocList>
                                                    </BasicBoolTerm>
                                                    <BasicBoolTerm Intrnl_Id="157">
                                                        <LocList>
                                                            <Loc EndOffset="2211" SrcFileId="1" StartOffset="2188"/>
                                                        </LocList>
                                                    </BasicBoolTerm>
                                                    <LocList>
                                                        <Loc EndOffset="2187" SrcFileId="1" StartOffset="2185"/>
                                                    </LocList>
                                                </OpTerm>
                                                <BasicBoolTerm Intrnl_Id="158">
                                                    <LocList>
                                                        <Loc EndOffset="2220" SrcFileId="1" StartOffset="2215"/>
                                                    </LocList>
                                                </BasicBoolTerm>
                                                <LocList>
                                                    <Loc EndOffset="2214" SrcFileId="1" StartOffset="2212"/>
                                                </LocList>
                                            </OpTerm>
                                        </RootTerm>
                                    </CondStmnt>
                                    <CondStmnt CovItemId="S44" CovItemPrefix="reparti.Produzione.java" Intrnl_Id="159">
                                        <Branch CovItemId="B26" CovItemPrefix="reparti.Produzione.java" Implct="false" Intrnl_Id="160">
                                            <Cond/>
                                            <LocList>
                                                <Loc EndOffset="2375" SrcFileId="1" StartOffset="2362"/>
                                            </LocList>
                                            <StmntSeq Intrnl_Id="161">
                                                <LocList>
                                                    <Loc EndOffset="2375" SrcFileId="1" StartOffset="2362"/>
                                                </LocList>
                                                <BasicStmnt CovItemId="S45" CovItemPrefix="reparti.Produzione.java" Intrnl_Id="162">
                                                    <LocList>
                                                        <Loc EndOffset="2375" SrcFileId="1" StartOffset="2362"/>
                                                    </LocList>
                                                </BasicStmnt>
                                            </StmntSeq>
                                        </Branch>
                                        <Branch CovItemId="B27" CovItemPrefix="reparti.Produzione.java" Implct="true" Intrnl_Id="163">
                                            <Cond/>
                                            <LocList/>
                                            <StmntSeq Intrnl_Id="164">
                                                <LocList/>
                                            </StmntSeq>
                                        </Branch>
                                        <Keyword EndOffset="2294" SrcFileId="1" StartOffset="2292"/>
                                        <LocList>
                                            <Loc EndOffset="2375" SrcFileId="1" StartOffset="2292"/>
                                        </LocList>
                                        <RootTerm CovItemId="C16" CovItemPrefix="reparti.Produzione.java" Intrnl_Id="165">
                                            <OpTerm BooleanOpId="2" Intrnl_Id="166">
                                                <BasicBoolTerm Intrnl_Id="167">
                                                    <LocList>
                                                        <Loc EndOffset="2328" SrcFileId="1" StartOffset="2296"/>
                                                    </LocList>
                                                </BasicBoolTerm>
                                                <BasicBoolTerm Intrnl_Id="168">
                                                    <LocList>
                                                        <Loc EndOffset="2355" SrcFileId="1" StartOffset="2332"/>
                                                    </LocList>
                                                </BasicBoolTerm>
                                                <LocList>
                                                    <Loc EndOffset="2331" SrcFileId="1" StartOffset="2329"/>
                                                </LocList>
                                            </OpTerm>
                                        </RootTerm>
                                    </CondStmnt>
                                    <CondStmnt CovItemId="S46" CovItemPrefix="reparti.Produzione.java" Intrnl_Id="169">
                                        <Branch CovItemId="B28" CovItemPrefix="reparti.Produzione.java" Implct="false" Intrnl_Id="170">
                                            <Cond/>
                                            <LocList>
                                                <Loc EndOffset="2660" SrcFileId="1" StartOffset="2563"/>
                                            </LocList>
                                            <StmntSeq Intrnl_Id="171">
                                                <LocList>
                                                    <Loc EndOffset="2607" SrcFileId="1" StartOffset="2570"/>
                                                    <Loc EndOffset="2636" SrcFileId="1" StartOffset="2613"/>
                                                    <Loc EndOffset="2654" SrcFileId="1" StartOffset="2642"/>
                                                </LocList>
                                                <BasicStmnt CovItemId="S47" CovItemPrefix="reparti.Produzione.java" Intrnl_Id="172">
                                                    <LocList>
                                                        <Loc EndOffset="2607" SrcFileId="1" StartOffset="2570"/>
                                                    </LocList>
                                                </BasicStmnt>
                                                <BasicStmnt CovItemId="S48" CovItemPrefix="reparti.Produzione.java" Intrnl_Id="173">
                                                    <LocList>
                                                        <Loc EndOffset="2636" SrcFileId="1" StartOffset="2613"/>
                                                    </LocList>
                                                </BasicStmnt>
                                                <BasicStmnt CovItemId="S49" CovItemPrefix="reparti.Produzione.java" Intrnl_Id="174">
                                                    <LocList>
                                                        <Loc EndOffset="2654" SrcFileId="1" StartOffset="2642"/>
                                                    </LocList>
                                                </BasicStmnt>
                                            </StmntSeq>
                                        </Branch>
                                        <Branch CovItemId="B29" CovItemPrefix="reparti.Produzione.java" Implct="true" Intrnl_Id="175">
                                            <Cond/>
                                            <LocList/>
                                            <StmntSeq Intrnl_Id="176">
                                                <LocList/>
                                            </StmntSeq>
                                        </Branch>
                                        <Keyword EndOffset="2491" SrcFileId="1" StartOffset="2489"/>
                                        <LocList>
                                            <Loc EndOffset="2660" SrcFileId="1" StartOffset="2489"/>
                                        </LocList>
                                        <RootTerm CovItemId="C17" CovItemPrefix="reparti.Produzione.java" Intrnl_Id="177">
                                            <OpTerm BooleanOpId="2" Intrnl_Id="178">
                                                <OpTerm BooleanOpId="2" Intrnl_Id="179">
                                                    <BasicBoolTerm Intrnl_Id="180">
                                                        <LocList>
                                                            <Loc EndOffset="2525" SrcFileId="1" StartOffset="2493"/>
                                                        </LocList>
                                                    </BasicBoolTerm>
                                                    <BasicBoolTerm Intrnl_Id="181">
                                                        <LocList>
                                                            <Loc EndOffset="2552" SrcFileId="1" StartOffset="2529"/>
                                                        </LocList>
                                                    </BasicBoolTerm>
                                                    <LocList>
                                                        <Loc EndOffset="2528" SrcFileId="1" StartOffset="2526"/>
                                                    </LocList>
                                                </OpTerm>
                                                <BasicBoolTerm Intrnl_Id="182">
                                                    <LocList>
                                                        <Loc EndOffset="2561" SrcFileId="1" StartOffset="2556"/>
                                                    </LocList>
                                                </BasicBoolTerm>
                                                <LocList>
                                                    <Loc EndOffset="2555" SrcFileId="1" StartOffset="2553"/>
                                                </LocList>
                                            </OpTerm>
                                        </RootTerm>
                                    </CondStmnt>
                                </StmntSeq>
                                <Keyword EndOffset="1996" SrcFileId="1" StartOffset="1993"/>
                                <LocList>
                                    <Loc EndOffset="2665" SrcFileId="1" StartOffset="1993"/>
                                </LocList>
                                <RootTerm CovItemId="C14" CovItemPrefix="reparti.Produzione.java" Intrnl_Id="183">
                                    <BasicBoolTerm Intrnl_Id="184">
                                        <LocList>
                                            <Loc EndOffset="2030" SrcFileId="1" StartOffset="2009"/>
                                        </LocList>
                                    </BasicBoolTerm>
                                </RootTerm>
                            </LoopStmnt>
                            <BasicStmnt CovItemId="S50" CovItemPrefix="reparti.Produzione.java" Intrnl_Id="185">
                                <LocList>
                                    <Loc EndOffset="2739" SrcFileId="1" StartOffset="2727"/>
                                </LocList>
                            </BasicStmnt>
                        </StmntSeq>
                    </HierarchyLvl>
                </HierarchyLvl>
            </HierarchyLvl>
        </HierarchyLvl>
    </MASTRoot>
</TestSessionContainer>
