<?xml version="1.0" encoding="UTF-8"?><TestSessionContainer xmlns="http://www.codecover.org/xml/testsession-container" Date="1689152644088" TestSessionContainerId="bd9eb7a4-3d23-4202-8b92-7be5933eb8c9" version="1.0">
    <SrcFileList>
        <SrcFile Content="package reparti;&#13;&#10;&#13;&#10;@SuppressWarnings(&quot;serial&quot;)&#13;&#10;public class InvalidInputException extends Exception {&#13;&#10;&#9;public InvalidInputException() {&#13;&#10;&#9;&#9;super(&quot;Attenzione, l'input scelto non è valido!&quot;);&#13;&#10;&#9;}&#13;&#10;}&#13;&#10;" Filename="InvalidInputException.java" Intrnl_Id="1"/>
        <SrcFile Content="package reparti;&#13;&#10;&#13;&#10;public class Magazzino {&#13;&#10;&#9;int scaffale_prod_finiti;&#13;&#10;&#9;int scaffale_semilavorati;&#13;&#10;&#9;int dim_scaffali;&#13;&#10;&#13;&#10;&#9;public Magazzino(int dim) {&#13;&#10;&#9;&#9;dim_scaffali = dim;&#13;&#10;&#9;&#9;scaffale_prod_finiti = 0;&#13;&#10;&#9;&#9;scaffale_semilavorati = 0;&#13;&#10;&#9;}&#13;&#10;&#13;&#10;&#9;public boolean compra() {&#13;&#10;&#9;&#9;if (scaffale_semilavorati &gt;= dim_scaffali)&#13;&#10;&#9;&#9;&#9;return false;&#13;&#10;&#9;&#9;else&#13;&#10;&#9;&#9;&#9;scaffale_semilavorati++;&#13;&#10;&#9;&#9;return true;&#13;&#10;&#9;}&#13;&#10;&#9;&#13;&#10;&#9;public boolean lavora() {&#13;&#10;&#9;&#9;if (scaffale_semilavorati &lt;= 0)&#13;&#10;&#9;&#9;&#9;return false;&#13;&#10;&#9;&#9;else&#13;&#10;&#9;&#9;&#9;scaffale_semilavorati--;&#13;&#10;&#9;&#9;return true;&#13;&#10;&#9;}&#13;&#10;&#13;&#10;&#9;public boolean riposiziona() {&#13;&#10;&#9;&#9;if (scaffale_prod_finiti &gt;= dim_scaffali)&#13;&#10;&#9;&#9;&#9;return false;&#13;&#10;&#9;&#9;else&#13;&#10;&#9;&#9;&#9;scaffale_prod_finiti++;&#13;&#10;&#9;&#9;return true;&#13;&#10;&#9;}&#13;&#10;&#9;&#13;&#10;&#9;public boolean vendi() {&#13;&#10;&#9;&#9;if (scaffale_prod_finiti &lt;= 0)&#13;&#10;&#9;&#9;&#9;return false;&#13;&#10;&#9;&#9;else&#13;&#10;&#9;&#9;&#9;scaffale_prod_finiti--;&#13;&#10;&#9;&#9;return true;&#13;&#10;&#9;}&#13;&#10;}&#13;&#10;" Filename="Magazzino.java" Intrnl_Id="2"/>
        <SrcFile Content="package reparti;&#13;&#10;&#13;&#10;enum Fasi {ATTESA_POSIZIONAMENTO, RIFINITURA, COLORAZIONE, PREPARAZIONE_LUCIDATURA, LUCIDATURA, ATTESA_PRELIEVO}&#13;&#10;&#13;&#10;public class Produzione {&#13;&#10;&#9;Fasi[] fase_linea;&#13;&#10;&#9;int[] fase_lucidatura;&#13;&#10;&#9;int n_linee;&#13;&#10;&#9;&#13;&#10;&#9;// inizializza n linee di produzione in ATTESA_POSIZIONAMENTO&#13;&#10;&#9;public Produzione(int n) throws InvalidInputException {&#13;&#10;&#9;&#9;if(n &lt;= 0) throw new InvalidInputException();&#13;&#10;&#9;&#9;n_linee = 3;&#13;&#10;&#9;&#9;fase_linea = new Fasi[n_linee];&#13;&#10;&#9;&#9;for (int i = 0; i &lt; fase_linea.length; i++)&#13;&#10;&#9;&#9;&#9;fase_linea[i] = Fasi.ATTESA_POSIZIONAMENTO;&#13;&#10;&#9;&#9;fase_lucidatura = new int[n_linee];&#13;&#10;&#9;}&#13;&#10;&#9;&#13;&#10;&#9;// fa procedere di un passo le linee&#13;&#10;&#9;public void avanza() {&#13;&#10;&#9;&#9;for (int i=0; i &lt; fase_linea.length; i++)&#13;&#10;&#9;&#9;&#9;avanzaLinea(i);&#13;&#10;&#9;}&#13;&#10;&#9;&#13;&#10;&#9;// posiziona un prodotto da lavorare sulla linea l (se possibile) e fa avanzare le linee&#13;&#10;&#9;public void posiziona(int l) throws InvalidInputException {&#13;&#10;&#9;&#9;if(l &lt; 0 || l &gt;= n_linee) throw new InvalidInputException();&#13;&#10;&#9;&#9;if (fase_linea[l] == Fasi.ATTESA_POSIZIONAMENTO)&#13;&#10;&#9;&#9;&#9;fase_linea[l] = Fasi.RIFINITURA;&#13;&#10;&#9;&#9;else&#13;&#10;&#9;&#9;&#9;l = -1;&#13;&#10;&#9;&#9;for (int i = 0; i &lt; fase_linea.length; i++) {&#13;&#10;&#9;&#9;&#9;if (i != l)&#13;&#10;&#9;&#9;&#9;&#9;avanzaLinea(i);&#13;&#10;&#9;&#9;}&#13;&#10;&#9;}&#13;&#10;&#9;&#13;&#10;&#9;// preleva un prodotto lavorato dalla linea l (se possibile) e fa avanzare le linee&#13;&#10;&#9;public void preleva(int l) throws InvalidInputException {&#13;&#10;&#9;&#9;if(l &lt; 0 || l &gt;= n_linee) throw new InvalidInputException();&#13;&#10;&#9;&#9;if (fase_linea[l] == Fasi.ATTESA_PRELIEVO)&#13;&#10;&#9;&#9;&#9;fase_linea[l] = Fasi.ATTESA_POSIZIONAMENTO;&#13;&#10;&#9;&#9;else&#13;&#10;&#9;&#9;&#9;l = -1;&#13;&#10;&#9;&#9;for (int i=0; i &lt; fase_linea.length; i++) {&#13;&#10;&#9;&#9;&#9;if (i != l)&#13;&#10;&#9;&#9;&#9;&#9;avanzaLinea(i);&#13;&#10;&#9;&#9;}&#13;&#10;&#9;}&#13;&#10;&#9;&#13;&#10;&#9;// fa procedere la i-esima linea in base alla fase in cui si trova&#13;&#10;&#9;private void avanzaLinea(int i) {&#13;&#10;&#9;&#9;switch (fase_linea[i]) {&#13;&#10;&#9;&#9;&#9;case RIFINITURA:&#13;&#10;&#9;&#9;&#9;&#9;fase_linea[i] = Fasi.COLORAZIONE;&#13;&#10;&#9;&#9;&#9;&#9;break;&#13;&#10;&#9;&#9;&#9;case COLORAZIONE:&#13;&#10;&#9;&#9;&#9;&#9;fase_linea[i] = Fasi.PREPARAZIONE_LUCIDATURA;&#13;&#10;&#9;&#9;&#9;&#9;break;&#13;&#10;&#9;&#9;&#9;case PREPARAZIONE_LUCIDATURA:&#13;&#10;&#9;&#9;&#9;&#9;if (lucidaturaDisponibile(i)) {&#13;&#10;&#9;&#9;&#9;&#9;&#9;fase_linea[i] = Fasi.LUCIDATURA;&#13;&#10;&#9;&#9;&#9;&#9;&#9;fase_lucidatura[i] = 1;&#13;&#10;&#9;&#9;&#9;&#9;}&#13;&#10;&#9;&#9;&#9;&#9;break;&#13;&#10;&#9;&#9;&#9;case LUCIDATURA:&#13;&#10;&#9;&#9;&#9;&#9;if (fase_lucidatura[i] == 1)&#13;&#10;&#9;&#9;&#9;&#9;&#9;fase_lucidatura[i] = 2;&#13;&#10;&#9;&#9;&#9;&#9;else {&#13;&#10;&#9;&#9;&#9;&#9;&#9;fase_linea[i] = Fasi.ATTESA_PRELIEVO;&#13;&#10;&#9;&#9;&#9;&#9;&#9;fase_lucidatura[i] = 0;&#13;&#10;&#9;&#9;&#9;&#9;}&#13;&#10;&#9;&#9;&#9;&#9;break;&#13;&#10;&#9;&#9;&#9;default:&#13;&#10;&#9;&#9;&#9;&#9;break;&#9;&#9;&#9;&#13;&#10;&#9;&#9;}&#13;&#10;&#9;}&#13;&#10;&#9;&#13;&#10;&#9;// verifica se la i-esima linea può passare alla LUCIDATURA&#13;&#10;&#9;private boolean lucidaturaDisponibile(int i) {&#13;&#10;&#9;&#9;for (int j = 0; j &lt; fase_linea.length; j++) {&#13;&#10;&#9;&#9;&#9;// un altro è entrato nella seconda parte di LUCIDATURA in questa chiamata di preleva(), posiziona() o avanza()&#13;&#10;&#9;&#9;&#9;if (fase_linea[j] == Fasi.LUCIDATURA &amp;&amp; fase_lucidatura[j] == 2 &amp;&amp; j &lt; i)&#13;&#10;&#9;&#9;&#9;&#9;return false;&#13;&#10;&#9;&#9;&#9;// un altro nella prima fase di LUCIDATURA&#13;&#10;&#9;&#9;&#9;if (fase_linea[j] == Fasi.LUCIDATURA &amp;&amp; fase_lucidatura[j] == 1)&#13;&#10;&#9;&#9;&#9;&#9;return false;&#13;&#10;&#9;&#9;&#9;// un altro è nella seconda parte di LUCIDATURA e ne uscirà in questa chiamata di preleva(), posiziona() o avanza()&#13;&#10;&#9;&#9;&#9;if (fase_linea[j] == Fasi.LUCIDATURA &amp;&amp; fase_lucidatura[j] == 2 &amp;&amp; j &gt; i) {&#13;&#10;&#9;&#9;&#9;&#9;fase_linea[j] = Fasi.ATTESA_PRELIEVO;&#13;&#10;&#9;&#9;&#9;&#9;fase_lucidatura[j] = 0;&#13;&#10;&#9;&#9;&#9;&#9;return true;&#13;&#10;&#9;&#9;&#9;}&#13;&#10;&#9;&#9;}&#13;&#10;&#9;&#9;// nessun caso particolare, posso andare in LUCIDATURA&#13;&#10;&#9;&#9;return true; &#13;&#10;&#9;}&#13;&#10;}&#13;&#10;" Filename="Produzione.java" Intrnl_Id="3"/>
        <SrcFile Content="package reparti;&#13;&#10;&#13;&#10;public class RisorseUmane {&#13;&#10;&#9;/*@ spec_public @*/ int[] valutazioni;&#13;&#10;&#9;&#13;&#10;&#9;//@ public invariant valutazioni != null &amp;&amp; valutazioni.length &gt; 0;&#13;&#10;&#9;/*@ public invariant (\forall int j; 0 &lt;= j &amp;&amp; j &lt; valutazioni.length; &#13;&#10;&#9;&#9;&#9;&#9;&#9;&#9;&#9;&#9;valutazioni[j] &gt;= 0 &amp;&amp; valutazioni[j] &lt;= 100); @*/&#13;&#10;&#9;&#13;&#10;&#9;//@ requires numDipendenti &gt; 0;&#13;&#10;&#9;//@ ensures (\forall int j; 0 &lt;= j &amp;&amp; j &lt; valutazioni.length; valutazioni[j] == 50);&#13;&#10;&#9;public RisorseUmane(int numDipendenti) {&#13;&#10;&#9;&#9;valutazioni = new int[numDipendenti];&#13;&#10;&#9;&#9;//@ loop_invariant i &gt;= 0 &amp;&amp; (\forall int j; 0 &lt;= j &amp;&amp; j &lt; i; valutazioni[j] == 50);&#13;&#10;&#9;&#9;for (int i = 0; i &lt; valutazioni.length; i++) {&#13;&#10;&#9;&#9;&#9;valutazioni[i] = 50;&#13;&#10;&#9;&#9;}&#13;&#10;&#9;}&#13;&#10;&#9;&#13;&#10;&#9;//@ requires i &gt;= 0 &amp;&amp; i &lt; valutazioni.length;&#13;&#10;&#9;//@ requires giorniLavoro &gt;= 0 &amp;&amp; giorniLavoro &lt;= 365;&#13;&#10;&#9;//@ requires oreStraordinari &gt;= 0 &amp;&amp; oreStraordinari &lt;= 730;&#13;&#10;&#9;/*@ ensures (valutazioni[i] == (\old(valutazioni[i]) - 20)) &lt;== &#13;&#10;&#9;&#9;((sanzione || (giorniLavoro &lt; 200 &amp;&amp; oreStraordinari &lt; 10) &amp;&amp; &#13;&#10;&#9;&#9;((\old(valutazioni[i] - 20) &gt;= 0)) &amp;&amp; &#13;&#10;&#9;&#9;((\old(valutazioni[i] - 20) &lt;= 100)))); @*/&#13;&#10;&#9;/*@ ensures (valutazioni[i] == (\old(valutazioni[i]) + 20)) &lt;== &#13;&#10;&#9;&#9;((giorniLavoro &gt; 240 || oreStraordinari &gt; 50) &amp;&amp; &#13;&#10;&#9;&#9;((\old(valutazioni[i] - 20) &gt;= 0)) &amp;&amp; &#13;&#10;&#9;&#9;((\old(valutazioni[i] - 20) &lt;= 100))); @*/&#13;&#10;&#9;/*@ ensures (valutazioni[i] == (\old(valutazioni[i]))) &lt;== &#13;&#10;&#9; &#9;(!(sanzione || (giorniLavoro &lt; 200 &amp;&amp; oreStraordinari &lt; 10)) &amp;&amp;&#13;&#10;&#9;&#9;(!(giorniLavoro &gt; 240 || oreStraordinari &gt; 50))); @*/&#13;&#10;&#9;//@ ensures (valutazioni[i] == 100) &lt;== ((\old(valutazioni[i]) + 20) &gt;= 100);&#13;&#10;&#9;//@ ensures (valutazioni[i] == 0) &lt;== ((\old(valutazioni[i]) - 20) &lt;= 0);&#13;&#10;&#9;public void valuta(int i, int giorniLavoro, int oreStraordinari, boolean sanzione) {&#13;&#10;&#9;&#9;if (i &lt; 0 || i &gt;= valutazioni.length) return;&#13;&#10;&#9;&#9;// valutazione negativa&#13;&#10;&#9;&#9;if (sanzione || (giorniLavoro &lt; 200 &amp;&amp; oreStraordinari &lt; 10)) valutazioni[i] -= 20;&#13;&#10;&#9;&#9;// valutazione positiva&#13;&#10;&#9;&#9;else if (giorniLavoro &gt; 240 || oreStraordinari &gt; 50) valutazioni[i] += 20;&#13;&#10;&#9;&#9;if (valutazioni[i] &gt; 100) valutazioni[i] = 100;&#13;&#10;&#9;&#9;if (valutazioni[i] &lt; 0) valutazioni[i] = 0;&#13;&#10;&#9;}&#13;&#10;&#9;&#13;&#10;&#9;//@ ensures (\forall int j; 0 &lt;= j &amp;&amp; j &lt; valutazioni.length; \result &lt;= valutazioni[j]);&#13;&#10;&#9;//@ ensures (\exists int j; 0 &lt;= j &amp;&amp; j &lt; valutazioni.length; \result == valutazioni[j]);&#13;&#10;&#9;public int minVal() {&#13;&#10;&#9;&#9;int min = valutazioni[0];&#13;&#10;&#9;&#9;/*@ loop_invariant i &gt;= 0 &amp;&amp; i &lt;= valutazioni.length &amp;&amp;&#13;&#10;&#9; &#9;(\forall int j; 0 &lt;= j &amp;&amp; j &lt; i; min &lt;= valutazioni[j]) &amp;&amp;&#13;&#10;&#9; &#9;(\exists int j; 0 &lt;= j &amp;&amp; j &lt; i; min == valutazioni[j]); @*/&#13;&#10;&#9;&#9;for (int i = 1; i &lt; valutazioni.length; i++) {&#13;&#10;&#9;&#9;&#9;if (valutazioni[i] &lt; min)&#13;&#10;&#9;&#9;&#9;&#9;min = valutazioni[i];&#13;&#10;&#9;&#9;}&#13;&#10;&#9;&#9;return min;&#13;&#10;&#9;}&#13;&#10;&#9;&#13;&#10;&#9;//@ ensures (\forall int j; 0 &lt;= j &amp;&amp; j &lt; valutazioni.length; \result &gt;= valutazioni[j]);&#13;&#10;&#9;//@ ensures (\exists int j; 0 &lt;= j &amp;&amp; j &lt; valutazioni.length; \result == valutazioni[j]);&#13;&#10;&#9;public int maxVal() {&#13;&#10;&#9;&#9;int max = valutazioni[0];&#13;&#10;&#9;&#9;/*@ loop_invariant i &gt;= 0 &amp;&amp; i &lt;= valutazioni.length &amp;&amp;&#13;&#10;&#9;&#9; &#9;(\forall int j; 0 &lt;= j &amp;&amp; j &lt; i; max &gt;= valutazioni[j]) &amp;&amp;&#13;&#10;&#9;&#9; &#9;(\exists int j; 0 &lt;= j &amp;&amp; j &lt; i; max == valutazioni[j]); @*/&#13;&#10;&#9;&#9;for(int i = 1; i &lt; valutazioni.length; i++) {&#13;&#10;&#9;&#9;&#9;if (valutazioni[i] &gt; max)&#13;&#10;&#9;&#9;&#9;&#9;max = valutazioni[i];&#13;&#10;&#9;&#9;}&#13;&#10;&#9;&#9;return max;&#13;&#10;&#9;}&#13;&#10;}&#13;&#10;" Filename="RisorseUmane.java" Intrnl_Id="4"/>
    </SrcFileList>
    <CritList>
        <CritListEntry Name="org.codecover.model.utils.criteria.ConditionCoverage" PluginName="org.codecover"/>
        <CritListEntry Name="org.codecover.model.utils.criteria.BranchCoverage" PluginName="org.codecover"/>
        <CritListEntry Name="org.codecover.model.utils.criteria.StatementCoverage" PluginName="org.codecover"/>
    </CritList>
    <BoolOpList>
        <BoolOp Arity="2" Intrnl_Id="5" Name="conditional and (&amp;&amp;)">
            <BoolAssgnmntBoolMapList>
                <MapEntry BoolAssgnmnt="02" Value="false"/>
                <MapEntry BoolAssgnmnt="10" Value="false"/>
                <MapEntry BoolAssgnmnt="11" Value="true"/>
            </BoolAssgnmntBoolMapList>
        </BoolOp>
        <BoolOp Arity="2" Intrnl_Id="6" Name="conditional or (||)">
            <BoolAssgnmntBoolMapList>
                <MapEntry BoolAssgnmnt="00" Value="false"/>
                <MapEntry BoolAssgnmnt="01" Value="true"/>
                <MapEntry BoolAssgnmnt="12" Value="true"/>
            </BoolAssgnmntBoolMapList>
        </BoolOp>
    </BoolOpList>
    <HierarchyLvlTypeList>
        <HierarchyLvlType EnglishName="enumeration" IntrnlName="enum" Intrnl_Id="7"/>
        <HierarchyLvlType EnglishName="package" IntrnlName="package" Intrnl_Id="8"/>
        <HierarchyLvlType EnglishName="method" IntrnlName="method" Intrnl_Id="9"/>
        <HierarchyLvlType EnglishName="class" IntrnlName="class" Intrnl_Id="10"/>
        <HierarchyLvlType EnglishName="default package" IntrnlName="default package" Intrnl_Id="11"/>
    </HierarchyLvlTypeList>
    <MASTRoot>
        <HierarchyLvl HierarchyLvlId="99" HierarchyLvlTypeId="11" Intrnl_Id="12" Name="default package">
            <Header/>
            <LocList/>
            <HierarchyLvl HierarchyLvlId="98" HierarchyLvlTypeId="8" Intrnl_Id="13" Name="reparti">
                <Header/>
                <LocList/>
                <HierarchyLvl HierarchyLvlId="78" HierarchyLvlTypeId="10" Intrnl_Id="14" Name="InvalidInputException">
                    <Header>
                        <Loc EndOffset="101" SrcFileId="1" StartOffset="20"/>
                    </Header>
                    <LocList>
                        <Loc EndOffset="199" SrcFileId="1" StartOffset="20"/>
                    </LocList>
                    <HierarchyLvl HierarchyLvlId="77" HierarchyLvlTypeId="9" Intrnl_Id="15" Name="InvalidInputException">
                        <Header>
                            <Loc EndOffset="136" SrcFileId="1" StartOffset="106"/>
                        </Header>
                        <LocList>
                            <Loc EndOffset="196" SrcFileId="1" StartOffset="106"/>
                        </LocList>
                        <StmntSeq Intrnl_Id="16">
                            <LocList>
                                <Loc EndOffset="192" SrcFileId="1" StartOffset="142"/>
                            </LocList>
                            <BasicStmnt CovItemId="S1" CovItemPrefix="reparti.InvalidInputException.java" Intrnl_Id="17">
                                <LocList>
                                    <Loc EndOffset="192" SrcFileId="1" StartOffset="142"/>
                                </LocList>
                            </BasicStmnt>
                        </StmntSeq>
                    </HierarchyLvl>
                </HierarchyLvl>
                <HierarchyLvl HierarchyLvlId="84" HierarchyLvlTypeId="10" Intrnl_Id="18" Name="Magazzino">
                    <Header>
                        <Loc EndOffset="42" SrcFileId="2" StartOffset="20"/>
                    </Header>
                    <LocList>
                        <Loc EndOffset="826" SrcFileId="2" StartOffset="20"/>
                    </LocList>
                    <HierarchyLvl HierarchyLvlId="79" HierarchyLvlTypeId="9" Intrnl_Id="19" Name="Magazzino">
                        <Header>
                            <Loc EndOffset="151" SrcFileId="2" StartOffset="126"/>
                        </Header>
                        <LocList>
                            <Loc EndOffset="239" SrcFileId="2" StartOffset="126"/>
                        </LocList>
                        <StmntSeq Intrnl_Id="20">
                            <LocList>
                                <Loc EndOffset="176" SrcFileId="2" StartOffset="157"/>
                                <Loc EndOffset="205" SrcFileId="2" StartOffset="180"/>
                                <Loc EndOffset="235" SrcFileId="2" StartOffset="209"/>
                            </LocList>
                            <BasicStmnt CovItemId="S1" CovItemPrefix="reparti.Magazzino.java" Intrnl_Id="21">
                                <LocList>
                                    <Loc EndOffset="176" SrcFileId="2" StartOffset="157"/>
                                </LocList>
                            </BasicStmnt>
                            <BasicStmnt CovItemId="S2" CovItemPrefix="reparti.Magazzino.java" Intrnl_Id="22">
                                <LocList>
                                    <Loc EndOffset="205" SrcFileId="2" StartOffset="180"/>
                                </LocList>
                            </BasicStmnt>
                            <BasicStmnt CovItemId="S3" CovItemPrefix="reparti.Magazzino.java" Intrnl_Id="23">
                                <LocList>
                                    <Loc EndOffset="235" SrcFileId="2" StartOffset="209"/>
                                </LocList>
                            </BasicStmnt>
                        </StmntSeq>
                    </HierarchyLvl>
                    <HierarchyLvl HierarchyLvlId="80" HierarchyLvlTypeId="9" Intrnl_Id="24" Name="compra">
                        <Header>
                            <Loc EndOffset="267" SrcFileId="2" StartOffset="244"/>
                        </Header>
                        <LocList>
                            <Loc EndOffset="390" SrcFileId="2" StartOffset="244"/>
                        </LocList>
                        <StmntSeq Intrnl_Id="25">
                            <LocList>
                                <Loc EndOffset="370" SrcFileId="2" StartOffset="273"/>
                                <Loc EndOffset="386" SrcFileId="2" StartOffset="374"/>
                            </LocList>
                            <CondStmnt CovItemId="S4" CovItemPrefix="reparti.Magazzino.java" Intrnl_Id="26">
                                <Branch CovItemId="B1" CovItemPrefix="reparti.Magazzino.java" Implct="false" Intrnl_Id="27">
                                    <Cond/>
                                    <LocList>
                                        <Loc EndOffset="333" SrcFileId="2" StartOffset="320"/>
                                    </LocList>
                                    <StmntSeq Intrnl_Id="28">
                                        <LocList>
                                            <Loc EndOffset="333" SrcFileId="2" StartOffset="320"/>
                                        </LocList>
                                        <BasicStmnt CovItemId="S5" CovItemPrefix="reparti.Magazzino.java" Intrnl_Id="29">
                                            <LocList>
                                                <Loc EndOffset="333" SrcFileId="2" StartOffset="320"/>
                                            </LocList>
                                        </BasicStmnt>
                                    </StmntSeq>
                                </Branch>
                                <Branch CovItemId="B2" CovItemPrefix="reparti.Magazzino.java" Implct="false" Intrnl_Id="30">
                                    <Cond>
                                        <Loc EndOffset="341" SrcFileId="2" StartOffset="337"/>
                                    </Cond>
                                    <LocList>
                                        <Loc EndOffset="370" SrcFileId="2" StartOffset="346"/>
                                    </LocList>
                                    <StmntSeq Intrnl_Id="31">
                                        <LocList>
                                            <Loc EndOffset="370" SrcFileId="2" StartOffset="346"/>
                                        </LocList>
                                        <BasicStmnt CovItemId="S6" CovItemPrefix="reparti.Magazzino.java" Intrnl_Id="32">
                                            <LocList>
                                                <Loc EndOffset="370" SrcFileId="2" StartOffset="346"/>
                                            </LocList>
                                        </BasicStmnt>
                                    </StmntSeq>
                                </Branch>
                                <Keyword EndOffset="275" SrcFileId="2" StartOffset="273"/>
                                <LocList>
                                    <Loc EndOffset="370" SrcFileId="2" StartOffset="273"/>
                                </LocList>
                                <RootTerm CovItemId="C1" CovItemPrefix="reparti.Magazzino.java" Intrnl_Id="33">
                                    <BasicBoolTerm Intrnl_Id="34">
                                        <LocList>
                                            <Loc EndOffset="314" SrcFileId="2" StartOffset="277"/>
                                        </LocList>
                                    </BasicBoolTerm>
                                </RootTerm>
                            </CondStmnt>
                            <BasicStmnt CovItemId="S7" CovItemPrefix="reparti.Magazzino.java" Intrnl_Id="35">
                                <LocList>
                                    <Loc EndOffset="386" SrcFileId="2" StartOffset="374"/>
                                </LocList>
                            </BasicStmnt>
                        </StmntSeq>
                    </HierarchyLvl>
                    <HierarchyLvl HierarchyLvlId="81" HierarchyLvlTypeId="9" Intrnl_Id="36" Name="lavora">
                        <Header>
                            <Loc EndOffset="419" SrcFileId="2" StartOffset="396"/>
                        </Header>
                        <LocList>
                            <Loc EndOffset="531" SrcFileId="2" StartOffset="396"/>
                        </LocList>
                        <StmntSeq Intrnl_Id="37">
                            <LocList>
                                <Loc EndOffset="511" SrcFileId="2" StartOffset="425"/>
                                <Loc EndOffset="527" SrcFileId="2" StartOffset="515"/>
                            </LocList>
                            <CondStmnt CovItemId="S8" CovItemPrefix="reparti.Magazzino.java" Intrnl_Id="38">
                                <Branch CovItemId="B3" CovItemPrefix="reparti.Magazzino.java" Implct="false" Intrnl_Id="39">
                                    <Cond/>
                                    <LocList>
                                        <Loc EndOffset="474" SrcFileId="2" StartOffset="461"/>
                                    </LocList>
                                    <StmntSeq Intrnl_Id="40">
                                        <LocList>
                                            <Loc EndOffset="474" SrcFileId="2" StartOffset="461"/>
                                        </LocList>
                                        <BasicStmnt CovItemId="S9" CovItemPrefix="reparti.Magazzino.java" Intrnl_Id="41">
                                            <LocList>
                                                <Loc EndOffset="474" SrcFileId="2" StartOffset="461"/>
                                            </LocList>
                                        </BasicStmnt>
                                    </StmntSeq>
                                </Branch>
                                <Branch CovItemId="B4" CovItemPrefix="reparti.Magazzino.java" Implct="false" Intrnl_Id="42">
                                    <Cond>
                                        <Loc EndOffset="482" SrcFileId="2" StartOffset="478"/>
                                    </Cond>
                                    <LocList>
                                        <Loc EndOffset="511" SrcFileId="2" StartOffset="487"/>
                                    </LocList>
                                    <StmntSeq Intrnl_Id="43">
                                        <LocList>
                                            <Loc EndOffset="511" SrcFileId="2" StartOffset="487"/>
                                        </LocList>
                                        <BasicStmnt CovItemId="S10" CovItemPrefix="reparti.Magazzino.java" Intrnl_Id="44">
                                            <LocList>
                                                <Loc EndOffset="511" SrcFileId="2" StartOffset="487"/>
                                            </LocList>
                                        </BasicStmnt>
                                    </StmntSeq>
                                </Branch>
                                <Keyword EndOffset="427" SrcFileId="2" StartOffset="425"/>
                                <LocList>
                                    <Loc EndOffset="511" SrcFileId="2" StartOffset="425"/>
                                </LocList>
                                <RootTerm CovItemId="C2" CovItemPrefix="reparti.Magazzino.java" Intrnl_Id="45">
                                    <BasicBoolTerm Intrnl_Id="46">
                                        <LocList>
                                            <Loc EndOffset="455" SrcFileId="2" StartOffset="429"/>
                                        </LocList>
                                    </BasicBoolTerm>
                                </RootTerm>
                            </CondStmnt>
                            <BasicStmnt CovItemId="S11" CovItemPrefix="reparti.Magazzino.java" Intrnl_Id="47">
                                <LocList>
                                    <Loc EndOffset="527" SrcFileId="2" StartOffset="515"/>
                                </LocList>
                            </BasicStmnt>
                        </StmntSeq>
                    </HierarchyLvl>
                    <HierarchyLvl HierarchyLvlId="82" HierarchyLvlTypeId="9" Intrnl_Id="48" Name="riposiziona">
                        <Header>
                            <Loc EndOffset="564" SrcFileId="2" StartOffset="536"/>
                        </Header>
                        <LocList>
                            <Loc EndOffset="685" SrcFileId="2" StartOffset="536"/>
                        </LocList>
                        <StmntSeq Intrnl_Id="49">
                            <LocList>
                                <Loc EndOffset="665" SrcFileId="2" StartOffset="570"/>
                                <Loc EndOffset="681" SrcFileId="2" StartOffset="669"/>
                            </LocList>
                            <CondStmnt CovItemId="S12" CovItemPrefix="reparti.Magazzino.java" Intrnl_Id="50">
                                <Branch CovItemId="B5" CovItemPrefix="reparti.Magazzino.java" Implct="false" Intrnl_Id="51">
                                    <Cond/>
                                    <LocList>
                                        <Loc EndOffset="629" SrcFileId="2" StartOffset="616"/>
                                    </LocList>
                                    <StmntSeq Intrnl_Id="52">
                                        <LocList>
                                            <Loc EndOffset="629" SrcFileId="2" StartOffset="616"/>
                                        </LocList>
                                        <BasicStmnt CovItemId="S13" CovItemPrefix="reparti.Magazzino.java" Intrnl_Id="53">
                                            <LocList>
                                                <Loc EndOffset="629" SrcFileId="2" StartOffset="616"/>
                                            </LocList>
                                        </BasicStmnt>
                                    </StmntSeq>
                                </Branch>
                                <Branch CovItemId="B6" CovItemPrefix="reparti.Magazzino.java" Implct="false" Intrnl_Id="54">
                                    <Cond>
                                        <Loc EndOffset="637" SrcFileId="2" StartOffset="633"/>
                                    </Cond>
                                    <LocList>
                                        <Loc EndOffset="665" SrcFileId="2" StartOffset="642"/>
                                    </LocList>
                                    <StmntSeq Intrnl_Id="55">
                                        <LocList>
                                            <Loc EndOffset="665" SrcFileId="2" StartOffset="642"/>
                                        </LocList>
                                        <BasicStmnt CovItemId="S14" CovItemPrefix="reparti.Magazzino.java" Intrnl_Id="56">
                                            <LocList>
                                                <Loc EndOffset="665" SrcFileId="2" StartOffset="642"/>
                                            </LocList>
                                        </BasicStmnt>
                                    </StmntSeq>
                                </Branch>
                                <Keyword EndOffset="572" SrcFileId="2" StartOffset="570"/>
                                <LocList>
                                    <Loc EndOffset="665" SrcFileId="2" StartOffset="570"/>
                                </LocList>
                                <RootTerm CovItemId="C3" CovItemPrefix="reparti.Magazzino.java" Intrnl_Id="57">
                                    <BasicBoolTerm Intrnl_Id="58">
                                        <LocList>
                                            <Loc EndOffset="610" SrcFileId="2" StartOffset="574"/>
                                        </LocList>
                                    </BasicBoolTerm>
                                </RootTerm>
                            </CondStmnt>
                            <BasicStmnt CovItemId="S15" CovItemPrefix="reparti.Magazzino.java" Intrnl_Id="59">
                                <LocList>
                                    <Loc EndOffset="681" SrcFileId="2" StartOffset="669"/>
                                </LocList>
                            </BasicStmnt>
                        </StmntSeq>
                    </HierarchyLvl>
                    <HierarchyLvl HierarchyLvlId="83" HierarchyLvlTypeId="9" Intrnl_Id="60" Name="vendi">
                        <Header>
                            <Loc EndOffset="713" SrcFileId="2" StartOffset="691"/>
                        </Header>
                        <LocList>
                            <Loc EndOffset="823" SrcFileId="2" StartOffset="691"/>
                        </LocList>
                        <StmntSeq Intrnl_Id="61">
                            <LocList>
                                <Loc EndOffset="803" SrcFileId="2" StartOffset="719"/>
                                <Loc EndOffset="819" SrcFileId="2" StartOffset="807"/>
                            </LocList>
                            <CondStmnt CovItemId="S16" CovItemPrefix="reparti.Magazzino.java" Intrnl_Id="62">
                                <Branch CovItemId="B7" CovItemPrefix="reparti.Magazzino.java" Implct="false" Intrnl_Id="63">
                                    <Cond/>
                                    <LocList>
                                        <Loc EndOffset="767" SrcFileId="2" StartOffset="754"/>
                                    </LocList>
                                    <StmntSeq Intrnl_Id="64">
                                        <LocList>
                                            <Loc EndOffset="767" SrcFileId="2" StartOffset="754"/>
                                        </LocList>
                                        <BasicStmnt CovItemId="S17" CovItemPrefix="reparti.Magazzino.java" Intrnl_Id="65">
                                            <LocList>
                                                <Loc EndOffset="767" SrcFileId="2" StartOffset="754"/>
                                            </LocList>
                                        </BasicStmnt>
                                    </StmntSeq>
                                </Branch>
                                <Branch CovItemId="B8" CovItemPrefix="reparti.Magazzino.java" Implct="false" Intrnl_Id="66">
                                    <Cond>
                                        <Loc EndOffset="775" SrcFileId="2" StartOffset="771"/>
                                    </Cond>
                                    <LocList>
                                        <Loc EndOffset="803" SrcFileId="2" StartOffset="780"/>
                                    </LocList>
                                    <StmntSeq Intrnl_Id="67">
                                        <LocList>
                                            <Loc EndOffset="803" SrcFileId="2" StartOffset="780"/>
                                        </LocList>
                                        <BasicStmnt CovItemId="S18" CovItemPrefix="reparti.Magazzino.java" Intrnl_Id="68">
                                            <LocList>
                                                <Loc EndOffset="803" SrcFileId="2" StartOffset="780"/>
                                            </LocList>
                                        </BasicStmnt>
                                    </StmntSeq>
                                </Branch>
                                <Keyword EndOffset="721" SrcFileId="2" StartOffset="719"/>
                                <LocList>
                                    <Loc EndOffset="803" SrcFileId="2" StartOffset="719"/>
                                </LocList>
                                <RootTerm CovItemId="C4" CovItemPrefix="reparti.Magazzino.java" Intrnl_Id="69">
                                    <BasicBoolTerm Intrnl_Id="70">
                                        <LocList>
                                            <Loc EndOffset="748" SrcFileId="2" StartOffset="723"/>
                                        </LocList>
                                    </BasicBoolTerm>
                                </RootTerm>
                            </CondStmnt>
                            <BasicStmnt CovItemId="S19" CovItemPrefix="reparti.Magazzino.java" Intrnl_Id="71">
                                <LocList>
                                    <Loc EndOffset="819" SrcFileId="2" StartOffset="807"/>
                                </LocList>
                            </BasicStmnt>
                        </StmntSeq>
                    </HierarchyLvl>
                </HierarchyLvl>
                <HierarchyLvl HierarchyLvlId="85" HierarchyLvlTypeId="7" Intrnl_Id="72" Name="Fasi">
                    <Header>
                        <Loc EndOffset="29" SrcFileId="3" StartOffset="20"/>
                    </Header>
                    <LocList>
                        <Loc EndOffset="132" SrcFileId="3" StartOffset="20"/>
                    </LocList>
                </HierarchyLvl>
                <HierarchyLvl HierarchyLvlId="92" HierarchyLvlTypeId="10" Intrnl_Id="73" Name="Produzione">
                    <Header>
                        <Loc EndOffset="159" SrcFileId="3" StartOffset="136"/>
                    </Header>
                    <LocList>
                        <Loc EndOffset="3138" SrcFileId="3" StartOffset="136"/>
                    </LocList>
                    <HierarchyLvl HierarchyLvlId="86" HierarchyLvlTypeId="9" Intrnl_Id="74" Name="Produzione">
                        <Header>
                            <Loc EndOffset="345" SrcFileId="3" StartOffset="292"/>
                        </Header>
                        <LocList>
                            <Loc EndOffset="585" SrcFileId="3" StartOffset="292"/>
                        </LocList>
                        <StmntSeq Intrnl_Id="75">
                            <LocList>
                                <Loc EndOffset="396" SrcFileId="3" StartOffset="351"/>
                                <Loc EndOffset="412" SrcFileId="3" StartOffset="400"/>
                                <Loc EndOffset="447" SrcFileId="3" StartOffset="416"/>
                                <Loc EndOffset="542" SrcFileId="3" StartOffset="451"/>
                                <Loc EndOffset="581" SrcFileId="3" StartOffset="546"/>
                            </LocList>
                            <CondStmnt CovItemId="S1" CovItemPrefix="reparti.Produzione.java" Intrnl_Id="76">
                                <Branch CovItemId="B1" CovItemPrefix="reparti.Produzione.java" Implct="false" Intrnl_Id="77">
                                    <Cond/>
                                    <LocList>
                                        <Loc EndOffset="396" SrcFileId="3" StartOffset="362"/>
                                    </LocList>
                                    <StmntSeq Intrnl_Id="78">
                                        <LocList>
                                            <Loc EndOffset="396" SrcFileId="3" StartOffset="362"/>
                                        </LocList>
                                        <BasicStmnt CovItemId="S2" CovItemPrefix="reparti.Produzione.java" Intrnl_Id="79">
                                            <LocList>
                                                <Loc EndOffset="396" SrcFileId="3" StartOffset="362"/>
                                            </LocList>
                                        </BasicStmnt>
                                    </StmntSeq>
                                </Branch>
                                <Branch CovItemId="B2" CovItemPrefix="reparti.Produzione.java" Implct="true" Intrnl_Id="80">
                                    <Cond/>
                                    <LocList/>
                                    <StmntSeq Intrnl_Id="81">
                                        <LocList/>
                                    </StmntSeq>
                                </Branch>
                                <Keyword EndOffset="353" SrcFileId="3" StartOffset="351"/>
                                <LocList>
                                    <Loc EndOffset="396" SrcFileId="3" StartOffset="351"/>
                                </LocList>
                                <RootTerm CovItemId="C1" CovItemPrefix="reparti.Produzione.java" Intrnl_Id="82">
                                    <BasicBoolTerm Intrnl_Id="83">
                                        <LocList>
                                            <Loc EndOffset="360" SrcFileId="3" StartOffset="354"/>
                                        </LocList>
                                    </BasicBoolTerm>
                                </RootTerm>
                            </CondStmnt>
                            <BasicStmnt CovItemId="S3" CovItemPrefix="reparti.Produzione.java" Intrnl_Id="84">
                                <LocList>
                                    <Loc EndOffset="412" SrcFileId="3" StartOffset="400"/>
                                </LocList>
                            </BasicStmnt>
                            <BasicStmnt CovItemId="S4" CovItemPrefix="reparti.Produzione.java" Intrnl_Id="85">
                                <LocList>
                                    <Loc EndOffset="447" SrcFileId="3" StartOffset="416"/>
                                </LocList>
                            </BasicStmnt>
                            <LoopStmnt CovItemId="S5" CovItemPrefix="reparti.Produzione.java" Intrnl_Id="86" MltplExecId="L1-2" MltplExecPrefix="reparti.Produzione.java" NvrExecId="L1-0" NvrExecPrefix="reparti.Produzione.java" OnceExecutedId="L1-1" OnceExecutedPrefix="reparti.Produzione.java" OptBodyExec="true">
                                <StmntSeq Intrnl_Id="87">
                                    <LocList>
                                        <Loc EndOffset="542" SrcFileId="3" StartOffset="499"/>
                                    </LocList>
                                    <BasicStmnt CovItemId="S6" CovItemPrefix="reparti.Produzione.java" Intrnl_Id="88">
                                        <LocList>
                                            <Loc EndOffset="542" SrcFileId="3" StartOffset="499"/>
                                        </LocList>
                                    </BasicStmnt>
                                </StmntSeq>
                                <Keyword EndOffset="454" SrcFileId="3" StartOffset="451"/>
                                <LocList>
                                    <Loc EndOffset="542" SrcFileId="3" StartOffset="451"/>
                                </LocList>
                                <RootTerm CovItemId="C2" CovItemPrefix="reparti.Produzione.java" Intrnl_Id="89">
                                    <BasicBoolTerm Intrnl_Id="90">
                                        <LocList>
                                            <Loc EndOffset="488" SrcFileId="3" StartOffset="467"/>
                                        </LocList>
                                    </BasicBoolTerm>
                                </RootTerm>
                            </LoopStmnt>
                            <BasicStmnt CovItemId="S7" CovItemPrefix="reparti.Produzione.java" Intrnl_Id="91">
                                <LocList>
                                    <Loc EndOffset="581" SrcFileId="3" StartOffset="546"/>
                                </LocList>
                            </BasicStmnt>
                        </StmntSeq>
                    </HierarchyLvl>
                    <HierarchyLvl HierarchyLvlId="87" HierarchyLvlTypeId="9" Intrnl_Id="92" Name="avanza">
                        <Header>
                            <Loc EndOffset="650" SrcFileId="3" StartOffset="630"/>
                        </Header>
                        <LocList>
                            <Loc EndOffset="721" SrcFileId="3" StartOffset="630"/>
                        </LocList>
                        <StmntSeq Intrnl_Id="93">
                            <LocList>
                                <Loc EndOffset="717" SrcFileId="3" StartOffset="656"/>
                            </LocList>
                            <LoopStmnt CovItemId="S8" CovItemPrefix="reparti.Produzione.java" Intrnl_Id="94" MltplExecId="L2-2" MltplExecPrefix="reparti.Produzione.java" NvrExecId="L2-0" NvrExecPrefix="reparti.Produzione.java" OnceExecutedId="L2-1" OnceExecutedPrefix="reparti.Produzione.java" OptBodyExec="true">
                                <StmntSeq Intrnl_Id="95">
                                    <LocList>
                                        <Loc EndOffset="717" SrcFileId="3" StartOffset="702"/>
                                    </LocList>
                                    <BasicStmnt CovItemId="S9" CovItemPrefix="reparti.Produzione.java" Intrnl_Id="96">
                                        <LocList>
                                            <Loc EndOffset="717" SrcFileId="3" StartOffset="702"/>
                                        </LocList>
                                    </BasicStmnt>
                                </StmntSeq>
                                <Keyword EndOffset="659" SrcFileId="3" StartOffset="656"/>
                                <LocList>
                                    <Loc EndOffset="717" SrcFileId="3" StartOffset="656"/>
                                </LocList>
                                <RootTerm CovItemId="C3" CovItemPrefix="reparti.Produzione.java" Intrnl_Id="97">
                                    <BasicBoolTerm Intrnl_Id="98">
                                        <LocList>
                                            <Loc EndOffset="691" SrcFileId="3" StartOffset="670"/>
                                        </LocList>
                                    </BasicBoolTerm>
                                </RootTerm>
                            </LoopStmnt>
                        </StmntSeq>
                    </HierarchyLvl>
                    <HierarchyLvl HierarchyLvlId="88" HierarchyLvlTypeId="9" Intrnl_Id="99" Name="posiziona">
                        <Header>
                            <Loc EndOffset="875" SrcFileId="3" StartOffset="818"/>
                        </Header>
                        <LocList>
                            <Loc EndOffset="1145" SrcFileId="3" StartOffset="818"/>
                        </LocList>
                        <StmntSeq Intrnl_Id="100">
                            <LocList>
                                <Loc EndOffset="941" SrcFileId="3" StartOffset="881"/>
                                <Loc EndOffset="1050" SrcFileId="3" StartOffset="945"/>
                                <Loc EndOffset="1141" SrcFileId="3" StartOffset="1054"/>
                            </LocList>
                            <CondStmnt CovItemId="S10" CovItemPrefix="reparti.Produzione.java" Intrnl_Id="101">
                                <Branch CovItemId="B3" CovItemPrefix="reparti.Produzione.java" Implct="false" Intrnl_Id="102">
                                    <Cond/>
                                    <LocList>
                                        <Loc EndOffset="941" SrcFileId="3" StartOffset="907"/>
                                    </LocList>
                                    <StmntSeq Intrnl_Id="103">
                                        <LocList>
                                            <Loc EndOffset="941" SrcFileId="3" StartOffset="907"/>
                                        </LocList>
                                        <BasicStmnt CovItemId="S11" CovItemPrefix="reparti.Produzione.java" Intrnl_Id="104">
                                            <LocList>
                                                <Loc EndOffset="941" SrcFileId="3" StartOffset="907"/>
                                            </LocList>
                                        </BasicStmnt>
                                    </StmntSeq>
                                </Branch>
                                <Branch CovItemId="B4" CovItemPrefix="reparti.Produzione.java" Implct="true" Intrnl_Id="105">
                                    <Cond/>
                                    <LocList/>
                                    <StmntSeq Intrnl_Id="106">
                                        <LocList/>
                                    </StmntSeq>
                                </Branch>
                                <Keyword EndOffset="883" SrcFileId="3" StartOffset="881"/>
                                <LocList>
                                    <Loc EndOffset="941" SrcFileId="3" StartOffset="881"/>
                                </LocList>
                                <RootTerm CovItemId="C4" CovItemPrefix="reparti.Produzione.java" Intrnl_Id="107">
                                    <OpTerm BooleanOpId="6" Intrnl_Id="108">
                                        <BasicBoolTerm Intrnl_Id="109">
                                            <LocList>
                                                <Loc EndOffset="889" SrcFileId="3" StartOffset="884"/>
                                            </LocList>
                                        </BasicBoolTerm>
                                        <BasicBoolTerm Intrnl_Id="110">
                                            <LocList>
                                                <Loc EndOffset="905" SrcFileId="3" StartOffset="893"/>
                                            </LocList>
                                        </BasicBoolTerm>
                                        <LocList>
                                            <Loc EndOffset="892" SrcFileId="3" StartOffset="890"/>
                                        </LocList>
                                    </OpTerm>
                                </RootTerm>
                            </CondStmnt>
                            <CondStmnt CovItemId="S12" CovItemPrefix="reparti.Produzione.java" Intrnl_Id="111">
                                <Branch CovItemId="B5" CovItemPrefix="reparti.Produzione.java" Implct="false" Intrnl_Id="112">
                                    <Cond/>
                                    <LocList>
                                        <Loc EndOffset="1030" SrcFileId="3" StartOffset="998"/>
                                    </LocList>
                                    <StmntSeq Intrnl_Id="113">
                                        <LocList>
                                            <Loc EndOffset="1030" SrcFileId="3" StartOffset="998"/>
                                        </LocList>
                                        <BasicStmnt CovItemId="S13" CovItemPrefix="reparti.Produzione.java" Intrnl_Id="114">
                                            <LocList>
                                                <Loc EndOffset="1030" SrcFileId="3" StartOffset="998"/>
                                            </LocList>
                                        </BasicStmnt>
                                    </StmntSeq>
                                </Branch>
                                <Branch CovItemId="B6" CovItemPrefix="reparti.Produzione.java" Implct="false" Intrnl_Id="115">
                                    <Cond>
                                        <Loc EndOffset="1038" SrcFileId="3" StartOffset="1034"/>
                                    </Cond>
                                    <LocList>
                                        <Loc EndOffset="1050" SrcFileId="3" StartOffset="1043"/>
                                    </LocList>
                                    <StmntSeq Intrnl_Id="116">
                                        <LocList>
                                            <Loc EndOffset="1050" SrcFileId="3" StartOffset="1043"/>
                                        </LocList>
                                        <BasicStmnt CovItemId="S14" CovItemPrefix="reparti.Produzione.java" Intrnl_Id="117">
                                            <LocList>
                                                <Loc EndOffset="1050" SrcFileId="3" StartOffset="1043"/>
                                            </LocList>
                                        </BasicStmnt>
                                    </StmntSeq>
                                </Branch>
                                <Keyword EndOffset="947" SrcFileId="3" StartOffset="945"/>
                                <LocList>
                                    <Loc EndOffset="1050" SrcFileId="3" StartOffset="945"/>
                                </LocList>
                                <RootTerm CovItemId="C5" CovItemPrefix="reparti.Produzione.java" Intrnl_Id="118">
                                    <BasicBoolTerm Intrnl_Id="119">
                                        <LocList>
                                            <Loc EndOffset="992" SrcFileId="3" StartOffset="949"/>
                                        </LocList>
                                    </BasicBoolTerm>
                                </RootTerm>
                            </CondStmnt>
                            <LoopStmnt CovItemId="S15" CovItemPrefix="reparti.Produzione.java" Intrnl_Id="120" MltplExecId="L3-2" MltplExecPrefix="reparti.Produzione.java" NvrExecId="L3-0" NvrExecPrefix="reparti.Produzione.java" OnceExecutedId="L3-1" OnceExecutedPrefix="reparti.Produzione.java" OptBodyExec="true">
                                <StmntSeq Intrnl_Id="121">
                                    <LocList>
                                        <Loc EndOffset="1136" SrcFileId="3" StartOffset="1104"/>
                                    </LocList>
                                    <CondStmnt CovItemId="S16" CovItemPrefix="reparti.Produzione.java" Intrnl_Id="122">
                                        <Branch CovItemId="B7" CovItemPrefix="reparti.Produzione.java" Implct="false" Intrnl_Id="123">
                                            <Cond/>
                                            <LocList>
                                                <Loc EndOffset="1136" SrcFileId="3" StartOffset="1121"/>
                                            </LocList>
                                            <StmntSeq Intrnl_Id="124">
                                                <LocList>
                                                    <Loc EndOffset="1136" SrcFileId="3" StartOffset="1121"/>
                                                </LocList>
                                                <BasicStmnt CovItemId="S17" CovItemPrefix="reparti.Produzione.java" Intrnl_Id="125">
                                                    <LocList>
                                                        <Loc EndOffset="1136" SrcFileId="3" StartOffset="1121"/>
                                                    </LocList>
                                                </BasicStmnt>
                                            </StmntSeq>
                                        </Branch>
                                        <Branch CovItemId="B8" CovItemPrefix="reparti.Produzione.java" Implct="true" Intrnl_Id="126">
                                            <Cond/>
                                            <LocList/>
                                            <StmntSeq Intrnl_Id="127">
                                                <LocList/>
                                            </StmntSeq>
                                        </Branch>
                                        <Keyword EndOffset="1106" SrcFileId="3" StartOffset="1104"/>
                                        <LocList>
                                            <Loc EndOffset="1136" SrcFileId="3" StartOffset="1104"/>
                                        </LocList>
                                        <RootTerm CovItemId="C7" CovItemPrefix="reparti.Produzione.java" Intrnl_Id="128">
                                            <BasicBoolTerm Intrnl_Id="129">
                                                <LocList>
                                                    <Loc EndOffset="1114" SrcFileId="3" StartOffset="1108"/>
                                                </LocList>
                                            </BasicBoolTerm>
                                        </RootTerm>
                                    </CondStmnt>
                                </StmntSeq>
                                <Keyword EndOffset="1057" SrcFileId="3" StartOffset="1054"/>
                                <LocList>
                                    <Loc EndOffset="1141" SrcFileId="3" StartOffset="1054"/>
                                </LocList>
                                <RootTerm CovItemId="C6" CovItemPrefix="reparti.Produzione.java" Intrnl_Id="130">
                                    <BasicBoolTerm Intrnl_Id="131">
                                        <LocList>
                                            <Loc EndOffset="1091" SrcFileId="3" StartOffset="1070"/>
                                        </LocList>
                                    </BasicBoolTerm>
                                </RootTerm>
                            </LoopStmnt>
                        </StmntSeq>
                    </HierarchyLvl>
                    <HierarchyLvl HierarchyLvlId="89" HierarchyLvlTypeId="9" Intrnl_Id="132" Name="preleva">
                        <Header>
                            <Loc EndOffset="1292" SrcFileId="3" StartOffset="1237"/>
                        </Header>
                        <LocList>
                            <Loc EndOffset="1565" SrcFileId="3" StartOffset="1237"/>
                        </LocList>
                        <StmntSeq Intrnl_Id="133">
                            <LocList>
                                <Loc EndOffset="1358" SrcFileId="3" StartOffset="1298"/>
                                <Loc EndOffset="1472" SrcFileId="3" StartOffset="1362"/>
                                <Loc EndOffset="1561" SrcFileId="3" StartOffset="1476"/>
                            </LocList>
                            <CondStmnt CovItemId="S18" CovItemPrefix="reparti.Produzione.java" Intrnl_Id="134">
                                <Branch CovItemId="B9" CovItemPrefix="reparti.Produzione.java" Implct="false" Intrnl_Id="135">
                                    <Cond/>
                                    <LocList>
                                        <Loc EndOffset="1358" SrcFileId="3" StartOffset="1324"/>
                                    </LocList>
                                    <StmntSeq Intrnl_Id="136">
                                        <LocList>
                                            <Loc EndOffset="1358" SrcFileId="3" StartOffset="1324"/>
                                        </LocList>
                                        <BasicStmnt CovItemId="S19" CovItemPrefix="reparti.Produzione.java" Intrnl_Id="137">
                                            <LocList>
                                                <Loc EndOffset="1358" SrcFileId="3" StartOffset="1324"/>
                                            </LocList>
                                        </BasicStmnt>
                                    </StmntSeq>
                                </Branch>
                                <Branch CovItemId="B10" CovItemPrefix="reparti.Produzione.java" Implct="true" Intrnl_Id="138">
                                    <Cond/>
                                    <LocList/>
                                    <StmntSeq Intrnl_Id="139">
                                        <LocList/>
                                    </StmntSeq>
                                </Branch>
                                <Keyword EndOffset="1300" SrcFileId="3" StartOffset="1298"/>
                                <LocList>
                                    <Loc EndOffset="1358" SrcFileId="3" StartOffset="1298"/>
                                </LocList>
                                <RootTerm CovItemId="C8" CovItemPrefix="reparti.Produzione.java" Intrnl_Id="140">
                                    <OpTerm BooleanOpId="6" Intrnl_Id="141">
                                        <BasicBoolTerm Intrnl_Id="142">
                                            <LocList>
                                                <Loc EndOffset="1306" SrcFileId="3" StartOffset="1301"/>
                                            </LocList>
                                        </BasicBoolTerm>
                                        <BasicBoolTerm Intrnl_Id="143">
                                            <LocList>
                                                <Loc EndOffset="1322" SrcFileId="3" StartOffset="1310"/>
                                            </LocList>
                                        </BasicBoolTerm>
                                        <LocList>
                                            <Loc EndOffset="1309" SrcFileId="3" StartOffset="1307"/>
                                        </LocList>
                                    </OpTerm>
                                </RootTerm>
                            </CondStmnt>
                            <CondStmnt CovItemId="S20" CovItemPrefix="reparti.Produzione.java" Intrnl_Id="144">
                                <Branch CovItemId="B11" CovItemPrefix="reparti.Produzione.java" Implct="false" Intrnl_Id="145">
                                    <Cond/>
                                    <LocList>
                                        <Loc EndOffset="1452" SrcFileId="3" StartOffset="1409"/>
                                    </LocList>
                                    <StmntSeq Intrnl_Id="146">
                                        <LocList>
                                            <Loc EndOffset="1452" SrcFileId="3" StartOffset="1409"/>
                                        </LocList>
                                        <BasicStmnt CovItemId="S21" CovItemPrefix="reparti.Produzione.java" Intrnl_Id="147">
                                            <LocList>
                                                <Loc EndOffset="1452" SrcFileId="3" StartOffset="1409"/>
                                            </LocList>
                                        </BasicStmnt>
                                    </StmntSeq>
                                </Branch>
                                <Branch CovItemId="B12" CovItemPrefix="reparti.Produzione.java" Implct="false" Intrnl_Id="148">
                                    <Cond>
                                        <Loc EndOffset="1460" SrcFileId="3" StartOffset="1456"/>
                                    </Cond>
                                    <LocList>
                                        <Loc EndOffset="1472" SrcFileId="3" StartOffset="1465"/>
                                    </LocList>
                                    <StmntSeq Intrnl_Id="149">
                                        <LocList>
                                            <Loc EndOffset="1472" SrcFileId="3" StartOffset="1465"/>
                                        </LocList>
                                        <BasicStmnt CovItemId="S22" CovItemPrefix="reparti.Produzione.java" Intrnl_Id="150">
                                            <LocList>
                                                <Loc EndOffset="1472" SrcFileId="3" StartOffset="1465"/>
                                            </LocList>
                                        </BasicStmnt>
                                    </StmntSeq>
                                </Branch>
                                <Keyword EndOffset="1364" SrcFileId="3" StartOffset="1362"/>
                                <LocList>
                                    <Loc EndOffset="1472" SrcFileId="3" StartOffset="1362"/>
                                </LocList>
                                <RootTerm CovItemId="C9" CovItemPrefix="reparti.Produzione.java" Intrnl_Id="151">
                                    <BasicBoolTerm Intrnl_Id="152">
                                        <LocList>
                                            <Loc EndOffset="1403" SrcFileId="3" StartOffset="1366"/>
                                        </LocList>
                                    </BasicBoolTerm>
                                </RootTerm>
                            </CondStmnt>
                            <LoopStmnt CovItemId="S23" CovItemPrefix="reparti.Produzione.java" Intrnl_Id="153" MltplExecId="L4-2" MltplExecPrefix="reparti.Produzione.java" NvrExecId="L4-0" NvrExecPrefix="reparti.Produzione.java" OnceExecutedId="L4-1" OnceExecutedPrefix="reparti.Produzione.java" OptBodyExec="true">
                                <StmntSeq Intrnl_Id="154">
                                    <LocList>
                                        <Loc EndOffset="1556" SrcFileId="3" StartOffset="1524"/>
                                    </LocList>
                                    <CondStmnt CovItemId="S24" CovItemPrefix="reparti.Produzione.java" Intrnl_Id="155">
                                        <Branch CovItemId="B13" CovItemPrefix="reparti.Produzione.java" Implct="false" Intrnl_Id="156">
                                            <Cond/>
                                            <LocList>
                                                <Loc EndOffset="1556" SrcFileId="3" StartOffset="1541"/>
                                            </LocList>
                                            <StmntSeq Intrnl_Id="157">
                                                <LocList>
                                                    <Loc EndOffset="1556" SrcFileId="3" StartOffset="1541"/>
                                                </LocList>
                                                <BasicStmnt CovItemId="S25" CovItemPrefix="reparti.Produzione.java" Intrnl_Id="158">
                                                    <LocList>
                                                        <Loc EndOffset="1556" SrcFileId="3" StartOffset="1541"/>
                                                    </LocList>
                                                </BasicStmnt>
                                            </StmntSeq>
                                        </Branch>
                                        <Branch CovItemId="B14" CovItemPrefix="reparti.Produzione.java" Implct="true" Intrnl_Id="159">
                                            <Cond/>
                                            <LocList/>
                                            <StmntSeq Intrnl_Id="160">
                                                <LocList/>
                                            </StmntSeq>
                                        </Branch>
                                        <Keyword EndOffset="1526" SrcFileId="3" StartOffset="1524"/>
                                        <LocList>
                                            <Loc EndOffset="1556" SrcFileId="3" StartOffset="1524"/>
                                        </LocList>
                                        <RootTerm CovItemId="C11" CovItemPrefix="reparti.Produzione.java" Intrnl_Id="161">
                                            <BasicBoolTerm Intrnl_Id="162">
                                                <LocList>
                                                    <Loc EndOffset="1534" SrcFileId="3" StartOffset="1528"/>
                                                </LocList>
                                            </BasicBoolTerm>
                                        </RootTerm>
                                    </CondStmnt>
                                </StmntSeq>
                                <Keyword EndOffset="1479" SrcFileId="3" StartOffset="1476"/>
                                <LocList>
                                    <Loc EndOffset="1561" SrcFileId="3" StartOffset="1476"/>
                                </LocList>
                                <RootTerm CovItemId="C10" CovItemPrefix="reparti.Produzione.java" Intrnl_Id="163">
                                    <BasicBoolTerm Intrnl_Id="164">
                                        <LocList>
                                            <Loc EndOffset="1511" SrcFileId="3" StartOffset="1490"/>
                                        </LocList>
                                    </BasicBoolTerm>
                                </RootTerm>
                            </LoopStmnt>
                        </StmntSeq>
                    </HierarchyLvl>
                    <HierarchyLvl HierarchyLvlId="90" HierarchyLvlTypeId="9" Intrnl_Id="165" Name="avanzaLinea">
                        <Header>
                            <Loc EndOffset="1671" SrcFileId="3" StartOffset="1640"/>
                        </Header>
                        <LocList>
                            <Loc EndOffset="2244" SrcFileId="3" StartOffset="1640"/>
                        </LocList>
                        <StmntSeq Intrnl_Id="166">
                            <LocList>
                                <Loc EndOffset="2240" SrcFileId="3" StartOffset="1677"/>
                            </LocList>
                            <CondStmnt CovItemId="S26" CovItemPrefix="reparti.Produzione.java" Intrnl_Id="167">
                                <Branch CovItemId="B15" CovItemPrefix="reparti.Produzione.java" Implct="false" Intrnl_Id="168">
                                    <Cond>
                                        <Loc EndOffset="1721" SrcFileId="3" StartOffset="1706"/>
                                    </Cond>
                                    <LocList>
                                        <Loc EndOffset="1773" SrcFileId="3" StartOffset="1728"/>
                                    </LocList>
                                    <StmntSeq Intrnl_Id="169">
                                        <LocList>
                                            <Loc EndOffset="1761" SrcFileId="3" StartOffset="1728"/>
                                            <Loc EndOffset="1773" SrcFileId="3" StartOffset="1767"/>
                                        </LocList>
                                        <BasicStmnt CovItemId="S27" CovItemPrefix="reparti.Produzione.java" Intrnl_Id="170">
                                            <LocList>
                                                <Loc EndOffset="1761" SrcFileId="3" StartOffset="1728"/>
                                            </LocList>
                                        </BasicStmnt>
                                        <BasicStmnt CovItemId="S28" CovItemPrefix="reparti.Produzione.java" Intrnl_Id="171">
                                            <LocList>
                                                <Loc EndOffset="1773" SrcFileId="3" StartOffset="1767"/>
                                            </LocList>
                                        </BasicStmnt>
                                    </StmntSeq>
                                </Branch>
                                <Branch CovItemId="B16" CovItemPrefix="reparti.Produzione.java" Implct="false" Intrnl_Id="172">
                                    <Cond>
                                        <Loc EndOffset="1794" SrcFileId="3" StartOffset="1778"/>
                                    </Cond>
                                    <LocList>
                                        <Loc EndOffset="1858" SrcFileId="3" StartOffset="1801"/>
                                    </LocList>
                                    <StmntSeq Intrnl_Id="173">
                                        <LocList>
                                            <Loc EndOffset="1846" SrcFileId="3" StartOffset="1801"/>
                                            <Loc EndOffset="1858" SrcFileId="3" StartOffset="1852"/>
                                        </LocList>
                                        <BasicStmnt CovItemId="S29" CovItemPrefix="reparti.Produzione.java" Intrnl_Id="174">
                                            <LocList>
                                                <Loc EndOffset="1846" SrcFileId="3" StartOffset="1801"/>
                                            </LocList>
                                        </BasicStmnt>
                                        <BasicStmnt CovItemId="S30" CovItemPrefix="reparti.Produzione.java" Intrnl_Id="175">
                                            <LocList>
                                                <Loc EndOffset="1858" SrcFileId="3" StartOffset="1852"/>
                                            </LocList>
                                        </BasicStmnt>
                                    </StmntSeq>
                                </Branch>
                                <Branch CovItemId="B17" CovItemPrefix="reparti.Produzione.java" Implct="false" Intrnl_Id="176">
                                    <Cond>
                                        <Loc EndOffset="1891" SrcFileId="3" StartOffset="1863"/>
                                    </Cond>
                                    <LocList>
                                        <Loc EndOffset="2017" SrcFileId="3" StartOffset="1898"/>
                                    </LocList>
                                    <StmntSeq Intrnl_Id="177">
                                        <LocList>
                                            <Loc EndOffset="2005" SrcFileId="3" StartOffset="1898"/>
                                            <Loc EndOffset="2017" SrcFileId="3" StartOffset="2011"/>
                                        </LocList>
                                        <CondStmnt CovItemId="S31" CovItemPrefix="reparti.Produzione.java" Intrnl_Id="178">
                                            <Branch CovItemId="B18" CovItemPrefix="reparti.Produzione.java" Implct="false" Intrnl_Id="179">
                                                <Cond/>
                                                <LocList>
                                                    <Loc EndOffset="2005" SrcFileId="3" StartOffset="1928"/>
                                                </LocList>
                                                <StmntSeq Intrnl_Id="180">
                                                    <LocList>
                                                        <Loc EndOffset="1968" SrcFileId="3" StartOffset="1936"/>
                                                        <Loc EndOffset="1998" SrcFileId="3" StartOffset="1975"/>
                                                    </LocList>
                                                    <BasicStmnt CovItemId="S32" CovItemPrefix="reparti.Produzione.java" Intrnl_Id="181">
                                                        <LocList>
                                                            <Loc EndOffset="1968" SrcFileId="3" StartOffset="1936"/>
                                                        </LocList>
                                                    </BasicStmnt>
                                                    <BasicStmnt CovItemId="S33" CovItemPrefix="reparti.Produzione.java" Intrnl_Id="182">
                                                        <LocList>
                                                            <Loc EndOffset="1998" SrcFileId="3" StartOffset="1975"/>
                                                        </LocList>
                                                    </BasicStmnt>
                                                </StmntSeq>
                                            </Branch>
                                            <Branch CovItemId="B19" CovItemPrefix="reparti.Produzione.java" Implct="true" Intrnl_Id="183">
                                                <Cond/>
                                                <LocList/>
                                                <StmntSeq Intrnl_Id="184">
                                                    <LocList/>
                                                </StmntSeq>
                                            </Branch>
                                            <Keyword EndOffset="1900" SrcFileId="3" StartOffset="1898"/>
                                            <LocList>
                                                <Loc EndOffset="2005" SrcFileId="3" StartOffset="1898"/>
                                            </LocList>
                                            <RootTerm CovItemId="C12" CovItemPrefix="reparti.Produzione.java" Intrnl_Id="185">
                                                <BasicBoolTerm Intrnl_Id="186">
                                                    <LocList>
                                                        <Loc EndOffset="1926" SrcFileId="3" StartOffset="1902"/>
                                                    </LocList>
                                                </BasicBoolTerm>
                                            </RootTerm>
                                        </CondStmnt>
                                        <BasicStmnt CovItemId="S34" CovItemPrefix="reparti.Produzione.java" Intrnl_Id="187">
                                            <LocList>
                                                <Loc EndOffset="2017" SrcFileId="3" StartOffset="2011"/>
                                            </LocList>
                                        </BasicStmnt>
                                    </StmntSeq>
                                </Branch>
                                <Branch CovItemId="B20" CovItemPrefix="reparti.Produzione.java" Implct="false" Intrnl_Id="188">
                                    <Cond>
                                        <Loc EndOffset="2037" SrcFileId="3" StartOffset="2022"/>
                                    </Cond>
                                    <LocList>
                                        <Loc EndOffset="2207" SrcFileId="3" StartOffset="2044"/>
                                    </LocList>
                                    <StmntSeq Intrnl_Id="189">
                                        <LocList>
                                            <Loc EndOffset="2195" SrcFileId="3" StartOffset="2044"/>
                                            <Loc EndOffset="2207" SrcFileId="3" StartOffset="2201"/>
                                        </LocList>
                                        <CondStmnt CovItemId="S35" CovItemPrefix="reparti.Produzione.java" Intrnl_Id="190">
                                            <Branch CovItemId="B21" CovItemPrefix="reparti.Produzione.java" Implct="false" Intrnl_Id="191">
                                                <Cond/>
                                                <LocList>
                                                    <Loc EndOffset="2102" SrcFileId="3" StartOffset="2079"/>
                                                </LocList>
                                                <StmntSeq Intrnl_Id="192">
                                                    <LocList>
                                                        <Loc EndOffset="2102" SrcFileId="3" StartOffset="2079"/>
                                                    </LocList>
                                                    <BasicStmnt CovItemId="S36" CovItemPrefix="reparti.Produzione.java" Intrnl_Id="193">
                                                        <LocList>
                                                            <Loc EndOffset="2102" SrcFileId="3" StartOffset="2079"/>
                                                        </LocList>
                                                    </BasicStmnt>
                                                </StmntSeq>
                                            </Branch>
                                            <Branch CovItemId="B22" CovItemPrefix="reparti.Produzione.java" Implct="false" Intrnl_Id="194">
                                                <Cond>
                                                    <Loc EndOffset="2112" SrcFileId="3" StartOffset="2108"/>
                                                </Cond>
                                                <LocList>
                                                    <Loc EndOffset="2195" SrcFileId="3" StartOffset="2113"/>
                                                </LocList>
                                                <StmntSeq Intrnl_Id="195">
                                                    <LocList>
                                                        <Loc EndOffset="2158" SrcFileId="3" StartOffset="2121"/>
                                                        <Loc EndOffset="2188" SrcFileId="3" StartOffset="2165"/>
                                                    </LocList>
                                                    <BasicStmnt CovItemId="S37" CovItemPrefix="reparti.Produzione.java" Intrnl_Id="196">
                                                        <LocList>
                                                            <Loc EndOffset="2158" SrcFileId="3" StartOffset="2121"/>
                                                        </LocList>
                                                    </BasicStmnt>
                                                    <BasicStmnt CovItemId="S38" CovItemPrefix="reparti.Produzione.java" Intrnl_Id="197">
                                                        <LocList>
                                                            <Loc EndOffset="2188" SrcFileId="3" StartOffset="2165"/>
                                                        </LocList>
                                                    </BasicStmnt>
                                                </StmntSeq>
                                            </Branch>
                                            <Keyword EndOffset="2046" SrcFileId="3" StartOffset="2044"/>
                                            <LocList>
                                                <Loc EndOffset="2195" SrcFileId="3" StartOffset="2044"/>
                                            </LocList>
                                            <RootTerm CovItemId="C13" CovItemPrefix="reparti.Produzione.java" Intrnl_Id="198">
                                                <BasicBoolTerm Intrnl_Id="199">
                                                    <LocList>
                                                        <Loc EndOffset="2071" SrcFileId="3" StartOffset="2048"/>
                                                    </LocList>
                                                </BasicBoolTerm>
                                            </RootTerm>
                                        </CondStmnt>
                                        <BasicStmnt CovItemId="S39" CovItemPrefix="reparti.Produzione.java" Intrnl_Id="200">
                                            <LocList>
                                                <Loc EndOffset="2207" SrcFileId="3" StartOffset="2201"/>
                                            </LocList>
                                        </BasicStmnt>
                                    </StmntSeq>
                                </Branch>
                                <Branch CovItemId="B23" CovItemPrefix="reparti.Produzione.java" Implct="false" Intrnl_Id="201">
                                    <Cond>
                                        <Loc EndOffset="2219" SrcFileId="3" StartOffset="2212"/>
                                    </Cond>
                                    <LocList>
                                        <Loc EndOffset="2232" SrcFileId="3" StartOffset="2226"/>
                                    </LocList>
                                    <StmntSeq Intrnl_Id="202">
                                        <LocList>
                                            <Loc EndOffset="2232" SrcFileId="3" StartOffset="2226"/>
                                        </LocList>
                                        <BasicStmnt CovItemId="S40" CovItemPrefix="reparti.Produzione.java" Intrnl_Id="203">
                                            <LocList>
                                                <Loc EndOffset="2232" SrcFileId="3" StartOffset="2226"/>
                                            </LocList>
                                        </BasicStmnt>
                                    </StmntSeq>
                                </Branch>
                                <Keyword EndOffset="1683" SrcFileId="3" StartOffset="1677"/>
                                <LocList>
                                    <Loc EndOffset="2240" SrcFileId="3" StartOffset="1677"/>
                                </LocList>
                            </CondStmnt>
                        </StmntSeq>
                    </HierarchyLvl>
                    <HierarchyLvl HierarchyLvlId="91" HierarchyLvlTypeId="9" Intrnl_Id="204" Name="lucidaturaDisponibile">
                        <Header>
                            <Loc EndOffset="2356" SrcFileId="3" StartOffset="2312"/>
                        </Header>
                        <LocList>
                            <Loc EndOffset="3135" SrcFileId="3" StartOffset="2312"/>
                        </LocList>
                        <StmntSeq Intrnl_Id="205">
                            <LocList>
                                <Loc EndOffset="3056" SrcFileId="3" StartOffset="2362"/>
                                <Loc EndOffset="3130" SrcFileId="3" StartOffset="3118"/>
                            </LocList>
                            <LoopStmnt CovItemId="S41" CovItemPrefix="reparti.Produzione.java" Intrnl_Id="206" MltplExecId="L5-2" MltplExecPrefix="reparti.Produzione.java" NvrExecId="L5-0" NvrExecPrefix="reparti.Produzione.java" OnceExecutedId="L5-1" OnceExecutedPrefix="reparti.Produzione.java" OptBodyExec="true">
                                <StmntSeq Intrnl_Id="207">
                                    <LocList>
                                        <Loc EndOffset="2620" SrcFileId="3" StartOffset="2528"/>
                                        <Loc EndOffset="2755" SrcFileId="3" StartOffset="2672"/>
                                        <Loc EndOffset="3051" SrcFileId="3" StartOffset="2880"/>
                                    </LocList>
                                    <CondStmnt CovItemId="S42" CovItemPrefix="reparti.Produzione.java" Intrnl_Id="208">
                                        <Branch CovItemId="B24" CovItemPrefix="reparti.Produzione.java" Implct="false" Intrnl_Id="209">
                                            <Cond/>
                                            <LocList>
                                                <Loc EndOffset="2620" SrcFileId="3" StartOffset="2607"/>
                                            </LocList>
                                            <StmntSeq Intrnl_Id="210">
                                                <LocList>
                                                    <Loc EndOffset="2620" SrcFileId="3" StartOffset="2607"/>
                                                </LocList>
                                                <BasicStmnt CovItemId="S43" CovItemPrefix="reparti.Produzione.java" Intrnl_Id="211">
                                                    <LocList>
                                                        <Loc EndOffset="2620" SrcFileId="3" StartOffset="2607"/>
                                                    </LocList>
                                                </BasicStmnt>
                                            </StmntSeq>
                                        </Branch>
                                        <Branch CovItemId="B25" CovItemPrefix="reparti.Produzione.java" Implct="true" Intrnl_Id="212">
                                            <Cond/>
                                            <LocList/>
                                            <StmntSeq Intrnl_Id="213">
                                                <LocList/>
                                            </StmntSeq>
                                        </Branch>
                                        <Keyword EndOffset="2530" SrcFileId="3" StartOffset="2528"/>
                                        <LocList>
                                            <Loc EndOffset="2620" SrcFileId="3" StartOffset="2528"/>
                                        </LocList>
                                        <RootTerm CovItemId="C15" CovItemPrefix="reparti.Produzione.java" Intrnl_Id="214">
                                            <OpTerm BooleanOpId="5" Intrnl_Id="215">
                                                <OpTerm BooleanOpId="5" Intrnl_Id="216">
                                                    <BasicBoolTerm Intrnl_Id="217">
                                                        <LocList>
                                                            <Loc EndOffset="2564" SrcFileId="3" StartOffset="2532"/>
                                                        </LocList>
                                                    </BasicBoolTerm>
                                                    <BasicBoolTerm Intrnl_Id="218">
                                                        <LocList>
                                                            <Loc EndOffset="2591" SrcFileId="3" StartOffset="2568"/>
                                                        </LocList>
                                                    </BasicBoolTerm>
                                                    <LocList>
                                                        <Loc EndOffset="2567" SrcFileId="3" StartOffset="2565"/>
                                                    </LocList>
                                                </OpTerm>
                                                <BasicBoolTerm Intrnl_Id="219">
                                                    <LocList>
                                                        <Loc EndOffset="2600" SrcFileId="3" StartOffset="2595"/>
                                                    </LocList>
                                                </BasicBoolTerm>
                                                <LocList>
                                                    <Loc EndOffset="2594" SrcFileId="3" StartOffset="2592"/>
                                                </LocList>
                                            </OpTerm>
                                        </RootTerm>
                                    </CondStmnt>
                                    <CondStmnt CovItemId="S44" CovItemPrefix="reparti.Produzione.java" Intrnl_Id="220">
                                        <Branch CovItemId="B26" CovItemPrefix="reparti.Produzione.java" Implct="false" Intrnl_Id="221">
                                            <Cond/>
                                            <LocList>
                                                <Loc EndOffset="2755" SrcFileId="3" StartOffset="2742"/>
                                            </LocList>
                                            <StmntSeq Intrnl_Id="222">
                                                <LocList>
                                                    <Loc EndOffset="2755" SrcFileId="3" StartOffset="2742"/>
                                                </LocList>
                                                <BasicStmnt CovItemId="S45" CovItemPrefix="reparti.Produzione.java" Intrnl_Id="223">
                                                    <LocList>
                                                        <Loc EndOffset="2755" SrcFileId="3" StartOffset="2742"/>
                                                    </LocList>
                                                </BasicStmnt>
                                            </StmntSeq>
                                        </Branch>
                                        <Branch CovItemId="B27" CovItemPrefix="reparti.Produzione.java" Implct="true" Intrnl_Id="224">
                                            <Cond/>
                                            <LocList/>
                                            <StmntSeq Intrnl_Id="225">
                                                <LocList/>
                                            </StmntSeq>
                                        </Branch>
                                        <Keyword EndOffset="2674" SrcFileId="3" StartOffset="2672"/>
                                        <LocList>
                                            <Loc EndOffset="2755" SrcFileId="3" StartOffset="2672"/>
                                        </LocList>
                                        <RootTerm CovItemId="C16" CovItemPrefix="reparti.Produzione.java" Intrnl_Id="226">
                                            <OpTerm BooleanOpId="5" Intrnl_Id="227">
                                                <BasicBoolTerm Intrnl_Id="228">
                                                    <LocList>
                                                        <Loc EndOffset="2708" SrcFileId="3" StartOffset="2676"/>
                                                    </LocList>
                                                </BasicBoolTerm>
                                                <BasicBoolTerm Intrnl_Id="229">
                                                    <LocList>
                                                        <Loc EndOffset="2735" SrcFileId="3" StartOffset="2712"/>
                                                    </LocList>
                                                </BasicBoolTerm>
                                                <LocList>
                                                    <Loc EndOffset="2711" SrcFileId="3" StartOffset="2709"/>
                                                </LocList>
                                            </OpTerm>
                                        </RootTerm>
                                    </CondStmnt>
                                    <CondStmnt CovItemId="S46" CovItemPrefix="reparti.Produzione.java" Intrnl_Id="230">
                                        <Branch CovItemId="B28" CovItemPrefix="reparti.Produzione.java" Implct="false" Intrnl_Id="231">
                                            <Cond/>
                                            <LocList>
                                                <Loc EndOffset="3051" SrcFileId="3" StartOffset="2954"/>
                                            </LocList>
                                            <StmntSeq Intrnl_Id="232">
                                                <LocList>
                                                    <Loc EndOffset="2998" SrcFileId="3" StartOffset="2961"/>
                                                    <Loc EndOffset="3027" SrcFileId="3" StartOffset="3004"/>
                                                    <Loc EndOffset="3045" SrcFileId="3" StartOffset="3033"/>
                                                </LocList>
                                                <BasicStmnt CovItemId="S47" CovItemPrefix="reparti.Produzione.java" Intrnl_Id="233">
                                                    <LocList>
                                                        <Loc EndOffset="2998" SrcFileId="3" StartOffset="2961"/>
                                                    </LocList>
                                                </BasicStmnt>
                                                <BasicStmnt CovItemId="S48" CovItemPrefix="reparti.Produzione.java" Intrnl_Id="234">
                                                    <LocList>
                                                        <Loc EndOffset="3027" SrcFileId="3" StartOffset="3004"/>
                                                    </LocList>
                                                </BasicStmnt>
                                                <BasicStmnt CovItemId="S49" CovItemPrefix="reparti.Produzione.java" Intrnl_Id="235">
                                                    <LocList>
                                                        <Loc EndOffset="3045" SrcFileId="3" StartOffset="3033"/>
                                                    </LocList>
                                                </BasicStmnt>
                                            </StmntSeq>
                                        </Branch>
                                        <Branch CovItemId="B29" CovItemPrefix="reparti.Produzione.java" Implct="true" Intrnl_Id="236">
                                            <Cond/>
                                            <LocList/>
                                            <StmntSeq Intrnl_Id="237">
                                                <LocList/>
                                            </StmntSeq>
                                        </Branch>
                                        <Keyword EndOffset="2882" SrcFileId="3" StartOffset="2880"/>
                                        <LocList>
                                            <Loc EndOffset="3051" SrcFileId="3" StartOffset="2880"/>
                                        </LocList>
                                        <RootTerm CovItemId="C17" CovItemPrefix="reparti.Produzione.java" Intrnl_Id="238">
                                            <OpTerm BooleanOpId="5" Intrnl_Id="239">
                                                <OpTerm BooleanOpId="5" Intrnl_Id="240">
                                                    <BasicBoolTerm Intrnl_Id="241">
                                                        <LocList>
                                                            <Loc EndOffset="2916" SrcFileId="3" StartOffset="2884"/>
                                                        </LocList>
                                                    </BasicBoolTerm>
                                                    <BasicBoolTerm Intrnl_Id="242">
                                                        <LocList>
                                                            <Loc EndOffset="2943" SrcFileId="3" StartOffset="2920"/>
                                                        </LocList>
                                                    </BasicBoolTerm>
                                                    <LocList>
                                                        <Loc EndOffset="2919" SrcFileId="3" StartOffset="2917"/>
                                                    </LocList>
                                                </OpTerm>
                                                <BasicBoolTerm Intrnl_Id="243">
                                                    <LocList>
                                                        <Loc EndOffset="2952" SrcFileId="3" StartOffset="2947"/>
                                                    </LocList>
                                                </BasicBoolTerm>
                                                <LocList>
                                                    <Loc EndOffset="2946" SrcFileId="3" StartOffset="2944"/>
                                                </LocList>
                                            </OpTerm>
                                        </RootTerm>
                                    </CondStmnt>
                                </StmntSeq>
                                <Keyword EndOffset="2365" SrcFileId="3" StartOffset="2362"/>
                                <LocList>
                                    <Loc EndOffset="3056" SrcFileId="3" StartOffset="2362"/>
                                </LocList>
                                <RootTerm CovItemId="C14" CovItemPrefix="reparti.Produzione.java" Intrnl_Id="244">
                                    <BasicBoolTerm Intrnl_Id="245">
                                        <LocList>
                                            <Loc EndOffset="2399" SrcFileId="3" StartOffset="2378"/>
                                        </LocList>
                                    </BasicBoolTerm>
                                </RootTerm>
                            </LoopStmnt>
                            <BasicStmnt CovItemId="S50" CovItemPrefix="reparti.Produzione.java" Intrnl_Id="246">
                                <LocList>
                                    <Loc EndOffset="3130" SrcFileId="3" StartOffset="3118"/>
                                </LocList>
                            </BasicStmnt>
                        </StmntSeq>
                    </HierarchyLvl>
                </HierarchyLvl>
                <HierarchyLvl HierarchyLvlId="97" HierarchyLvlTypeId="10" Intrnl_Id="247" Name="RisorseUmane">
                    <Header>
                        <Loc EndOffset="45" SrcFileId="4" StartOffset="20"/>
                    </Header>
                    <LocList>
                        <Loc EndOffset="3197" SrcFileId="4" StartOffset="20"/>
                    </LocList>
                    <HierarchyLvl HierarchyLvlId="93" HierarchyLvlTypeId="9" Intrnl_Id="248" Name="RisorseUmane">
                        <Header>
                            <Loc EndOffset="460" SrcFileId="4" StartOffset="422"/>
                        </Header>
                        <LocList>
                            <Loc EndOffset="675" SrcFileId="4" StartOffset="422"/>
                        </LocList>
                        <StmntSeq Intrnl_Id="249">
                            <LocList>
                                <Loc EndOffset="503" SrcFileId="4" StartOffset="466"/>
                                <Loc EndOffset="671" SrcFileId="4" StartOffset="595"/>
                            </LocList>
                            <BasicStmnt CovItemId="S1" CovItemPrefix="reparti.RisorseUmane.java" Intrnl_Id="250">
                                <LocList>
                                    <Loc EndOffset="503" SrcFileId="4" StartOffset="466"/>
                                </LocList>
                            </BasicStmnt>
                            <LoopStmnt CovItemId="S2" CovItemPrefix="reparti.RisorseUmane.java" Intrnl_Id="251" MltplExecId="L1-2" MltplExecPrefix="reparti.RisorseUmane.java" NvrExecId="L1-0" NvrExecPrefix="reparti.RisorseUmane.java" OnceExecutedId="L1-1" OnceExecutedPrefix="reparti.RisorseUmane.java" OptBodyExec="true">
                                <StmntSeq Intrnl_Id="252">
                                    <LocList>
                                        <Loc EndOffset="666" SrcFileId="4" StartOffset="646"/>
                                    </LocList>
                                    <BasicStmnt CovItemId="S3" CovItemPrefix="reparti.RisorseUmane.java" Intrnl_Id="253">
                                        <LocList>
                                            <Loc EndOffset="666" SrcFileId="4" StartOffset="646"/>
                                        </LocList>
                                    </BasicStmnt>
                                </StmntSeq>
                                <Keyword EndOffset="598" SrcFileId="4" StartOffset="595"/>
                                <LocList>
                                    <Loc EndOffset="671" SrcFileId="4" StartOffset="595"/>
                                </LocList>
                                <RootTerm CovItemId="C1" CovItemPrefix="reparti.RisorseUmane.java" Intrnl_Id="254">
                                    <BasicBoolTerm Intrnl_Id="255">
                                        <LocList>
                                            <Loc EndOffset="633" SrcFileId="4" StartOffset="611"/>
                                        </LocList>
                                    </BasicBoolTerm>
                                </RootTerm>
                            </LoopStmnt>
                        </StmntSeq>
                    </HierarchyLvl>
                    <HierarchyLvl HierarchyLvlId="94" HierarchyLvlTypeId="9" Intrnl_Id="256" Name="valuta">
                        <Header>
                            <Loc EndOffset="1705" SrcFileId="4" StartOffset="1623"/>
                        </Header>
                        <LocList>
                            <Loc EndOffset="2077" SrcFileId="4" StartOffset="1623"/>
                        </LocList>
                        <StmntSeq Intrnl_Id="257">
                            <LocList>
                                <Loc EndOffset="1756" SrcFileId="4" StartOffset="1711"/>
                                <Loc EndOffset="1975" SrcFileId="4" StartOffset="1787"/>
                                <Loc EndOffset="2026" SrcFileId="4" StartOffset="1979"/>
                                <Loc EndOffset="2073" SrcFileId="4" StartOffset="2030"/>
                            </LocList>
                            <CondStmnt CovItemId="S4" CovItemPrefix="reparti.RisorseUmane.java" Intrnl_Id="258">
                                <Branch CovItemId="B1" CovItemPrefix="reparti.RisorseUmane.java" Implct="false" Intrnl_Id="259">
                                    <Cond/>
                                    <LocList>
                                        <Loc EndOffset="1756" SrcFileId="4" StartOffset="1749"/>
                                    </LocList>
                                    <StmntSeq Intrnl_Id="260">
                                        <LocList>
                                            <Loc EndOffset="1756" SrcFileId="4" StartOffset="1749"/>
                                        </LocList>
                                        <BasicStmnt CovItemId="S5" CovItemPrefix="reparti.RisorseUmane.java" Intrnl_Id="261">
                                            <LocList>
                                                <Loc EndOffset="1756" SrcFileId="4" StartOffset="1749"/>
                                            </LocList>
                                        </BasicStmnt>
                                    </StmntSeq>
                                </Branch>
                                <Branch CovItemId="B2" CovItemPrefix="reparti.RisorseUmane.java" Implct="true" Intrnl_Id="262">
                                    <Cond/>
                                    <LocList/>
                                    <StmntSeq Intrnl_Id="263">
                                        <LocList/>
                                    </StmntSeq>
                                </Branch>
                                <Keyword EndOffset="1713" SrcFileId="4" StartOffset="1711"/>
                                <LocList>
                                    <Loc EndOffset="1756" SrcFileId="4" StartOffset="1711"/>
                                </LocList>
                                <RootTerm CovItemId="C2" CovItemPrefix="reparti.RisorseUmane.java" Intrnl_Id="264">
                                    <OpTerm BooleanOpId="6" Intrnl_Id="265">
                                        <BasicBoolTerm Intrnl_Id="266">
                                            <LocList>
                                                <Loc EndOffset="1720" SrcFileId="4" StartOffset="1715"/>
                                            </LocList>
                                        </BasicBoolTerm>
                                        <BasicBoolTerm Intrnl_Id="267">
                                            <LocList>
                                                <Loc EndOffset="1747" SrcFileId="4" StartOffset="1724"/>
                                            </LocList>
                                        </BasicBoolTerm>
                                        <LocList>
                                            <Loc EndOffset="1723" SrcFileId="4" StartOffset="1721"/>
                                        </LocList>
                                    </OpTerm>
                                </RootTerm>
                            </CondStmnt>
                            <CondStmnt CovItemId="S6" CovItemPrefix="reparti.RisorseUmane.java" Intrnl_Id="268">
                                <Branch CovItemId="B3" CovItemPrefix="reparti.RisorseUmane.java" Implct="false" Intrnl_Id="269">
                                    <Cond/>
                                    <LocList>
                                        <Loc EndOffset="1870" SrcFileId="4" StartOffset="1849"/>
                                    </LocList>
                                    <StmntSeq Intrnl_Id="270">
                                        <LocList>
                                            <Loc EndOffset="1870" SrcFileId="4" StartOffset="1849"/>
                                        </LocList>
                                        <BasicStmnt CovItemId="S7" CovItemPrefix="reparti.RisorseUmane.java" Intrnl_Id="271">
                                            <LocList>
                                                <Loc EndOffset="1870" SrcFileId="4" StartOffset="1849"/>
                                            </LocList>
                                        </BasicStmnt>
                                    </StmntSeq>
                                </Branch>
                                <Branch CovItemId="B4" CovItemPrefix="reparti.RisorseUmane.java" Implct="false" Intrnl_Id="272">
                                    <Cond>
                                        <Loc EndOffset="1905" SrcFileId="4" StartOffset="1901"/>
                                    </Cond>
                                    <LocList>
                                        <Loc EndOffset="1975" SrcFileId="4" StartOffset="1906"/>
                                    </LocList>
                                    <StmntSeq Intrnl_Id="273">
                                        <LocList>
                                            <Loc EndOffset="1975" SrcFileId="4" StartOffset="1906"/>
                                        </LocList>
                                        <CondStmnt CovItemId="S8" CovItemPrefix="reparti.RisorseUmane.java" Intrnl_Id="274">
                                            <Branch CovItemId="B5" CovItemPrefix="reparti.RisorseUmane.java" Implct="false" Intrnl_Id="275">
                                                <Cond/>
                                                <LocList>
                                                    <Loc EndOffset="1975" SrcFileId="4" StartOffset="1954"/>
                                                </LocList>
                                                <StmntSeq Intrnl_Id="276">
                                                    <LocList>
                                                        <Loc EndOffset="1975" SrcFileId="4" StartOffset="1954"/>
                                                    </LocList>
                                                    <BasicStmnt CovItemId="S9" CovItemPrefix="reparti.RisorseUmane.java" Intrnl_Id="277">
                                                        <LocList>
                                                            <Loc EndOffset="1975" SrcFileId="4" StartOffset="1954"/>
                                                        </LocList>
                                                    </BasicStmnt>
                                                </StmntSeq>
                                            </Branch>
                                            <Branch CovItemId="B6" CovItemPrefix="reparti.RisorseUmane.java" Implct="true" Intrnl_Id="278">
                                                <Cond/>
                                                <LocList/>
                                                <StmntSeq Intrnl_Id="279">
                                                    <LocList/>
                                                </StmntSeq>
                                            </Branch>
                                            <Keyword EndOffset="1908" SrcFileId="4" StartOffset="1906"/>
                                            <LocList>
                                                <Loc EndOffset="1975" SrcFileId="4" StartOffset="1906"/>
                                            </LocList>
                                            <RootTerm CovItemId="C4" CovItemPrefix="reparti.RisorseUmane.java" Intrnl_Id="280">
                                                <OpTerm BooleanOpId="6" Intrnl_Id="281">
                                                    <BasicBoolTerm Intrnl_Id="282">
                                                        <LocList>
                                                            <Loc EndOffset="1928" SrcFileId="4" StartOffset="1910"/>
                                                        </LocList>
                                                    </BasicBoolTerm>
                                                    <BasicBoolTerm Intrnl_Id="283">
                                                        <LocList>
                                                            <Loc EndOffset="1952" SrcFileId="4" StartOffset="1932"/>
                                                        </LocList>
                                                    </BasicBoolTerm>
                                                    <LocList>
                                                        <Loc EndOffset="1931" SrcFileId="4" StartOffset="1929"/>
                                                    </LocList>
                                                </OpTerm>
                                            </RootTerm>
                                        </CondStmnt>
                                    </StmntSeq>
                                </Branch>
                                <Keyword EndOffset="1789" SrcFileId="4" StartOffset="1787"/>
                                <LocList>
                                    <Loc EndOffset="1975" SrcFileId="4" StartOffset="1787"/>
                                </LocList>
                                <RootTerm CovItemId="C3" CovItemPrefix="reparti.RisorseUmane.java" Intrnl_Id="284">
                                    <OpTerm BooleanOpId="6" Intrnl_Id="285">
                                        <BasicBoolTerm Intrnl_Id="286">
                                            <LocList>
                                                <Loc EndOffset="1799" SrcFileId="4" StartOffset="1791"/>
                                            </LocList>
                                        </BasicBoolTerm>
                                        <OpTerm BooleanOpId="5" Intrnl_Id="287">
                                            <BasicBoolTerm Intrnl_Id="288">
                                                <LocList>
                                                    <Loc EndOffset="1822" SrcFileId="4" StartOffset="1804"/>
                                                </LocList>
                                            </BasicBoolTerm>
                                            <BasicBoolTerm Intrnl_Id="289">
                                                <LocList>
                                                    <Loc EndOffset="1846" SrcFileId="4" StartOffset="1826"/>
                                                </LocList>
                                            </BasicBoolTerm>
                                            <LocList>
                                                <Loc EndOffset="1825" SrcFileId="4" StartOffset="1823"/>
                                            </LocList>
                                        </OpTerm>
                                        <LocList>
                                            <Loc EndOffset="1802" SrcFileId="4" StartOffset="1800"/>
                                        </LocList>
                                    </OpTerm>
                                </RootTerm>
                            </CondStmnt>
                            <CondStmnt CovItemId="S10" CovItemPrefix="reparti.RisorseUmane.java" Intrnl_Id="290">
                                <Branch CovItemId="B7" CovItemPrefix="reparti.RisorseUmane.java" Implct="false" Intrnl_Id="291">
                                    <Cond/>
                                    <LocList>
                                        <Loc EndOffset="2026" SrcFileId="4" StartOffset="2005"/>
                                    </LocList>
                                    <StmntSeq Intrnl_Id="292">
                                        <LocList>
                                            <Loc EndOffset="2026" SrcFileId="4" StartOffset="2005"/>
                                        </LocList>
                                        <BasicStmnt CovItemId="S11" CovItemPrefix="reparti.RisorseUmane.java" Intrnl_Id="293">
                                            <LocList>
                                                <Loc EndOffset="2026" SrcFileId="4" StartOffset="2005"/>
                                            </LocList>
                                        </BasicStmnt>
                                    </StmntSeq>
                                </Branch>
                                <Branch CovItemId="B8" CovItemPrefix="reparti.RisorseUmane.java" Implct="true" Intrnl_Id="294">
                                    <Cond/>
                                    <LocList/>
                                    <StmntSeq Intrnl_Id="295">
                                        <LocList/>
                                    </StmntSeq>
                                </Branch>
                                <Keyword EndOffset="1981" SrcFileId="4" StartOffset="1979"/>
                                <LocList>
                                    <Loc EndOffset="2026" SrcFileId="4" StartOffset="1979"/>
                                </LocList>
                                <RootTerm CovItemId="C5" CovItemPrefix="reparti.RisorseUmane.java" Intrnl_Id="296">
                                    <BasicBoolTerm Intrnl_Id="297">
                                        <LocList>
                                            <Loc EndOffset="2003" SrcFileId="4" StartOffset="1983"/>
                                        </LocList>
                                    </BasicBoolTerm>
                                </RootTerm>
                            </CondStmnt>
                            <CondStmnt CovItemId="S12" CovItemPrefix="reparti.RisorseUmane.java" Intrnl_Id="298">
                                <Branch CovItemId="B9" CovItemPrefix="reparti.RisorseUmane.java" Implct="false" Intrnl_Id="299">
                                    <Cond/>
                                    <LocList>
                                        <Loc EndOffset="2073" SrcFileId="4" StartOffset="2054"/>
                                    </LocList>
                                    <StmntSeq Intrnl_Id="300">
                                        <LocList>
                                            <Loc EndOffset="2073" SrcFileId="4" StartOffset="2054"/>
                                        </LocList>
                                        <BasicStmnt CovItemId="S13" CovItemPrefix="reparti.RisorseUmane.java" Intrnl_Id="301">
                                            <LocList>
                                                <Loc EndOffset="2073" SrcFileId="4" StartOffset="2054"/>
                                            </LocList>
                                        </BasicStmnt>
                                    </StmntSeq>
                                </Branch>
                                <Branch CovItemId="B10" CovItemPrefix="reparti.RisorseUmane.java" Implct="true" Intrnl_Id="302">
                                    <Cond/>
                                    <LocList/>
                                    <StmntSeq Intrnl_Id="303">
                                        <LocList/>
                                    </StmntSeq>
                                </Branch>
                                <Keyword EndOffset="2032" SrcFileId="4" StartOffset="2030"/>
                                <LocList>
                                    <Loc EndOffset="2073" SrcFileId="4" StartOffset="2030"/>
                                </LocList>
                                <RootTerm CovItemId="C6" CovItemPrefix="reparti.RisorseUmane.java" Intrnl_Id="304">
                                    <BasicBoolTerm Intrnl_Id="305">
                                        <LocList>
                                            <Loc EndOffset="2052" SrcFileId="4" StartOffset="2034"/>
                                        </LocList>
                                    </BasicBoolTerm>
                                </RootTerm>
                            </CondStmnt>
                        </StmntSeq>
                    </HierarchyLvl>
                    <HierarchyLvl HierarchyLvlId="95" HierarchyLvlTypeId="9" Intrnl_Id="306" Name="minVal">
                        <Header>
                            <Loc EndOffset="2286" SrcFileId="4" StartOffset="2267"/>
                        </Header>
                        <LocList>
                            <Loc EndOffset="2635" SrcFileId="4" StartOffset="2267"/>
                        </LocList>
                        <StmntSeq Intrnl_Id="307">
                            <LocList>
                                <Loc EndOffset="2317" SrcFileId="4" StartOffset="2292"/>
                                <Loc EndOffset="2616" SrcFileId="4" StartOffset="2508"/>
                                <Loc EndOffset="2631" SrcFileId="4" StartOffset="2620"/>
                            </LocList>
                            <BasicStmnt CovItemId="S14" CovItemPrefix="reparti.RisorseUmane.java" Intrnl_Id="308">
                                <LocList>
                                    <Loc EndOffset="2317" SrcFileId="4" StartOffset="2292"/>
                                </LocList>
                            </BasicStmnt>
                            <LoopStmnt CovItemId="S15" CovItemPrefix="reparti.RisorseUmane.java" Intrnl_Id="309" MltplExecId="L2-2" MltplExecPrefix="reparti.RisorseUmane.java" NvrExecId="L2-0" NvrExecPrefix="reparti.RisorseUmane.java" OnceExecutedId="L2-1" OnceExecutedPrefix="reparti.RisorseUmane.java" OptBodyExec="true">
                                <StmntSeq Intrnl_Id="310">
                                    <LocList>
                                        <Loc EndOffset="2611" SrcFileId="4" StartOffset="2559"/>
                                    </LocList>
                                    <CondStmnt CovItemId="S16" CovItemPrefix="reparti.RisorseUmane.java" Intrnl_Id="311">
                                        <Branch CovItemId="B11" CovItemPrefix="reparti.RisorseUmane.java" Implct="false" Intrnl_Id="312">
                                            <Cond/>
                                            <LocList>
                                                <Loc EndOffset="2611" SrcFileId="4" StartOffset="2590"/>
                                            </LocList>
                                            <StmntSeq Intrnl_Id="313">
                                                <LocList>
                                                    <Loc EndOffset="2611" SrcFileId="4" StartOffset="2590"/>
                                                </LocList>
                                                <BasicStmnt CovItemId="S17" CovItemPrefix="reparti.RisorseUmane.java" Intrnl_Id="314">
                                                    <LocList>
                                                        <Loc EndOffset="2611" SrcFileId="4" StartOffset="2590"/>
                                                    </LocList>
                                                </BasicStmnt>
                                            </StmntSeq>
                                        </Branch>
                                        <Branch CovItemId="B12" CovItemPrefix="reparti.RisorseUmane.java" Implct="true" Intrnl_Id="315">
                                            <Cond/>
                                            <LocList/>
                                            <StmntSeq Intrnl_Id="316">
                                                <LocList/>
                                            </StmntSeq>
                                        </Branch>
                                        <Keyword EndOffset="2561" SrcFileId="4" StartOffset="2559"/>
                                        <LocList>
                                            <Loc EndOffset="2611" SrcFileId="4" StartOffset="2559"/>
                                        </LocList>
                                        <RootTerm CovItemId="C8" CovItemPrefix="reparti.RisorseUmane.java" Intrnl_Id="317">
                                            <BasicBoolTerm Intrnl_Id="318">
                                                <LocList>
                                                    <Loc EndOffset="2583" SrcFileId="4" StartOffset="2563"/>
                                                </LocList>
                                            </BasicBoolTerm>
                                        </RootTerm>
                                    </CondStmnt>
                                </StmntSeq>
                                <Keyword EndOffset="2511" SrcFileId="4" StartOffset="2508"/>
                                <LocList>
                                    <Loc EndOffset="2616" SrcFileId="4" StartOffset="2508"/>
                                </LocList>
                                <RootTerm CovItemId="C7" CovItemPrefix="reparti.RisorseUmane.java" Intrnl_Id="319">
                                    <BasicBoolTerm Intrnl_Id="320">
                                        <LocList>
                                            <Loc EndOffset="2546" SrcFileId="4" StartOffset="2524"/>
                                        </LocList>
                                    </BasicBoolTerm>
                                </RootTerm>
                            </LoopStmnt>
                            <BasicStmnt CovItemId="S18" CovItemPrefix="reparti.RisorseUmane.java" Intrnl_Id="321">
                                <LocList>
                                    <Loc EndOffset="2631" SrcFileId="4" StartOffset="2620"/>
                                </LocList>
                            </BasicStmnt>
                        </StmntSeq>
                    </HierarchyLvl>
                    <HierarchyLvl HierarchyLvlId="96" HierarchyLvlTypeId="9" Intrnl_Id="322" Name="maxVal">
                        <Header>
                            <Loc EndOffset="2844" SrcFileId="4" StartOffset="2825"/>
                        </Header>
                        <LocList>
                            <Loc EndOffset="3194" SrcFileId="4" StartOffset="2825"/>
                        </LocList>
                        <StmntSeq Intrnl_Id="323">
                            <LocList>
                                <Loc EndOffset="2875" SrcFileId="4" StartOffset="2850"/>
                                <Loc EndOffset="3175" SrcFileId="4" StartOffset="3068"/>
                                <Loc EndOffset="3190" SrcFileId="4" StartOffset="3179"/>
                            </LocList>
                            <BasicStmnt CovItemId="S19" CovItemPrefix="reparti.RisorseUmane.java" Intrnl_Id="324">
                                <LocList>
                                    <Loc EndOffset="2875" SrcFileId="4" StartOffset="2850"/>
                                </LocList>
                            </BasicStmnt>
                            <LoopStmnt CovItemId="S20" CovItemPrefix="reparti.RisorseUmane.java" Intrnl_Id="325" MltplExecId="L3-2" MltplExecPrefix="reparti.RisorseUmane.java" NvrExecId="L3-0" NvrExecPrefix="reparti.RisorseUmane.java" OnceExecutedId="L3-1" OnceExecutedPrefix="reparti.RisorseUmane.java" OptBodyExec="true">
                                <StmntSeq Intrnl_Id="326">
                                    <LocList>
                                        <Loc EndOffset="3170" SrcFileId="4" StartOffset="3118"/>
                                    </LocList>
                                    <CondStmnt CovItemId="S21" CovItemPrefix="reparti.RisorseUmane.java" Intrnl_Id="327">
                                        <Branch CovItemId="B13" CovItemPrefix="reparti.RisorseUmane.java" Implct="false" Intrnl_Id="328">
                                            <Cond/>
                                            <LocList>
                                                <Loc EndOffset="3170" SrcFileId="4" StartOffset="3149"/>
                                            </LocList>
                                            <StmntSeq Intrnl_Id="329">
                                                <LocList>
                                                    <Loc EndOffset="3170" SrcFileId="4" StartOffset="3149"/>
                                                </LocList>
                                                <BasicStmnt CovItemId="S22" CovItemPrefix="reparti.RisorseUmane.java" Intrnl_Id="330">
                                                    <LocList>
                                                        <Loc EndOffset="3170" SrcFileId="4" StartOffset="3149"/>
                                                    </LocList>
                                                </BasicStmnt>
                                            </StmntSeq>
                                        </Branch>
                                        <Branch CovItemId="B14" CovItemPrefix="reparti.RisorseUmane.java" Implct="true" Intrnl_Id="331">
                                            <Cond/>
                                            <LocList/>
                                            <StmntSeq Intrnl_Id="332">
                                                <LocList/>
                                            </StmntSeq>
                                        </Branch>
                                        <Keyword EndOffset="3120" SrcFileId="4" StartOffset="3118"/>
                                        <LocList>
                                            <Loc EndOffset="3170" SrcFileId="4" StartOffset="3118"/>
                                        </LocList>
                                        <RootTerm CovItemId="C10" CovItemPrefix="reparti.RisorseUmane.java" Intrnl_Id="333">
                                            <BasicBoolTerm Intrnl_Id="334">
                                                <LocList>
                                                    <Loc EndOffset="3142" SrcFileId="4" StartOffset="3122"/>
                                                </LocList>
                                            </BasicBoolTerm>
                                        </RootTerm>
                                    </CondStmnt>
                                </StmntSeq>
                                <Keyword EndOffset="3071" SrcFileId="4" StartOffset="3068"/>
                                <LocList>
                                    <Loc EndOffset="3175" SrcFileId="4" StartOffset="3068"/>
                                </LocList>
                                <RootTerm CovItemId="C9" CovItemPrefix="reparti.RisorseUmane.java" Intrnl_Id="335">
                                    <BasicBoolTerm Intrnl_Id="336">
                                        <LocList>
                                            <Loc EndOffset="3105" SrcFileId="4" StartOffset="3083"/>
                                        </LocList>
                                    </BasicBoolTerm>
                                </RootTerm>
                            </LoopStmnt>
                            <BasicStmnt CovItemId="S23" CovItemPrefix="reparti.RisorseUmane.java" Intrnl_Id="337">
                                <LocList>
                                    <Loc EndOffset="3190" SrcFileId="4" StartOffset="3179"/>
                                </LocList>
                            </BasicStmnt>
                        </StmntSeq>
                    </HierarchyLvl>
                </HierarchyLvl>
            </HierarchyLvl>
        </HierarchyLvl>
    </MASTRoot>
</TestSessionContainer>
