<?xml version="1.0" encoding="UTF-8"?><TestSessionContainer xmlns="http://www.codecover.org/xml/testsession-container" Date="1689068916799" TestSessionContainerId="5a6775dd-4a91-4044-953e-0a5c1c8c06b3" version="1.0">
    <SrcFileList/>
    <CritList>
        <CritListEntry Name="org.codecover.model.utils.criteria.ConditionCoverage" PluginName="org.codecover"/>
        <CritListEntry Name="org.codecover.model.utils.criteria.BranchCoverage" PluginName="org.codecover"/>
        <CritListEntry Name="org.codecover.model.utils.criteria.StatementCoverage" PluginName="org.codecover"/>
    </CritList>
    <BoolOpList/>
    <HierarchyLvlTypeList>
        <HierarchyLvlType EnglishName="default package" IntrnlName="default package" Intrnl_Id="1"/>
    </HierarchyLvlTypeList>
    <MASTRoot>
        <HierarchyLvl HierarchyLvlId="233" HierarchyLvlTypeId="1" Intrnl_Id="2" Name="default package">
            <Header/>
            <LocList/>
        </HierarchyLvl>
    </MASTRoot>
</TestSessionContainer>
